This is LuaTeX, Version 1.11.2 (MiKTeX 2.9.7300 64-bit)  (format=lualatex 2020.2.12)  5 JUN 2022 23:14
 restricted system commands enabled.
**disertatie.tex
(./disertatie.tex
LaTeX2e <2020-02-02>
Lua module: luaotfload-main 2020-02-02 3.12 luaotfload entry point
Lua module: luaotfload-init 2020-02-02 3.12 luaotfload submodule / initializatio
n
Lua module: lualibs 2020-02-02 2.70 ConTeXt Lua standard libraries.
Lua module: lualibs-extended 2020-02-02 2.70 ConTeXt Lua libraries -- extended c
ollection.
Lua module: luaotfload-log 2020-02-02 3.12 luaotfload submodule / logging
Lua module: luaotfload-parsers 2020-02-02 3.12 luaotfload submodule / filelist
Lua module: luaotfload-configuration 2020-02-02 3.12 luaotfload submodule / conf
ig file reader
luaotfload | conf : Root cache directory is C:/Users/bogdy/AppData/Local/MiKTeX/
2.9/luatex-cache/generic-dev/names.
luaotfload | init : Loading fontloader “fontloader-2020-01-26.lua” from kpse
-resolved path “C:/Users/bogdy/AppData/Local/Programs/MiKTeX 2.9/tex/luatex/lu
aotfload/fontloader-2020-01-26.lua”.
Lua-only attribute luaotfload@state = 2
Lua-only attribute luaotfload@noligature = 3
Lua-only attribute luaotfload@syllabe = 4
luaotfload | init : Context OpenType loader version “3.11”
Inserting `luaotfload.node_processor' at position 1 in `pre_linebreak_filter'.
Inserting `luaotfload.node_processor' at position 1 in `hpack_filter'.
Lua module: luaotfload-loaders 2020-02-02 3.12 luaotfload submodule / callback h
andling
Inserting `luaotfload.define_font' at position 1 in `define_font'.
Lua module: luaotfload-database 2020-02-02 3.12 luaotfload submodule / database
Lua module: luaotfload-unicode 2020-02-02 3.12 luaotfload submodule / Unicode he
lpers
Lua module: luaotfload-colors 2020-02-02 3.12 luaotfload submodule / color
Lua-only attribute luaotfload_color_attribute = 5
Lua module: luaotfload-resolvers 2020-02-02 3.12 luaotfload submodule / resolver
s
luaotfload | conf : Root cache directory is C:/Users/bogdy/AppData/Local/MiKTeX/
2.9/luatex-cache/generic-dev/names.
Lua module: luaotfload-features 2020-02-02 3.12 luaotfload submodule / features
Lua module: luaotfload-letterspace 2020-02-02 3.12 luaotfload submodule / color
Lua module: luaotfload-embolden 2020-02-02 3.12 luaotfload submodule / color
Lua module: luaotfload-notdef 2020-02-02 3.12 luaotfload submodule / color
Lua module: luaotfload-auxiliary 2020-02-02 3.12 luaotfload submodule / auxiliar
y functions
Inserting `luaotfload.aux.set_sscale_dimens' at position 1 in `luaotfload.patch_
font'.
Inserting `luaotfload.aux.set_font_index' at position 2 in `luaotfload.patch_fon
t'.
Inserting `luaotfload.aux.patch_cambria_domh' at position 3 in `luaotfload.patch
_font'.
Inserting `luaotfload.aux.fixup_fontdata' at position 1 in `luaotfload.patch_fon
t_unsafe'.
Inserting `luaotfload.aux.set_capheight' at position 4 in `luaotfload.patch_font
'.
Inserting `luaotfload.aux.set_xheight' at position 5 in `luaotfload.patch_font'.
Lua module: luaotfload-fallback 2020-02-02 3.12 luaotfload submodule / fallback
Lua module: luaotfload-multiscript 2020-02-02 3.12 luaotfload submodule / multis
cript
Lua module: luaotfload-script 2020-02-02 3.12 luaotfload submodule / Script help
ers
Lua module: luaotfload-tounicode 2020-02-02 3.12 luaotfload submodule / tounicod
e
Inserting `luaotfload.rewrite_fontname' at position 6 in `luaotfload.patch_font'
. L3 programming layer <2020-02-03>
("C:/Users/bogdy/AppData/Local/Programs/MiKTeX 2.9/tex/latex/base/report.cls"
Document Class: report 2019/12/20 v1.4l Standard LaTeX document class
("C:/Users/bogdy/AppData/Local/Programs/MiKTeX 2.9/tex/latex/base/size12.clo"
File: size12.clo 2019/12/20 v1.4l Standard LaTeX file (size option)
luaotfload | db : Font names database loaded from C:/Users/bogdy/AppData/Local/M
iKTeX/2.9/luatex-cache/generic-dev/names/luaotfload-names.luc)
\c@part=\count163
\c@chapter=\count164
\c@section=\count165
\c@subsection=\count166
\c@subsubsection=\count167
\c@paragraph=\count168
\c@subparagraph=\count169
\c@figure=\count170
\c@table=\count171
\abovecaptionskip=\skip47
\belowcaptionskip=\skip48
\bibindent=\dimen134
) ("C:/Users/bogdy/AppData/Local/Programs/MiKTeX 2.9/tex/latex/url/url.sty"
\Urlmuskip=\muskip16
Package: url 2013/09/16  ver 3.4  Verb mode for urls, etc.
)
("C:/Users/bogdy/AppData/Local/Programs/MiKTeX 2.9/tex/latex/hyperref/hyperref.
sty"
Package: hyperref 2020/01/14 v7.00d Hypertext links for LaTeX

("C:/Users/bogdy/AppData/Local/Programs/MiKTeX 2.9/tex/generic/ltxcmds/ltxcmds.
sty"
Package: ltxcmds 2019/12/15 v1.24 LaTeX kernel commands for general use (HO)
)
("C:/Users/bogdy/AppData/Local/Programs/MiKTeX 2.9/tex/generic/iftex/iftex.sty"
Package: iftex 2019/11/07 v1.0c TeX engine tests
)
("C:/Users/bogdy/AppData/Local/Programs/MiKTeX 2.9/tex/latex/pdftexcmds/pdftexc
mds.sty"
Package: pdftexcmds 2019/11/24 v0.31 Utility functions of pdfTeX for LuaTeX (HO)


("C:/Users/bogdy/AppData/Local/Programs/MiKTeX 2.9/tex/generic/infwarerr/infwar
err.sty"
Package: infwarerr 2019/12/03 v1.5 Providing info/warning/error messages (HO)
)
Package pdftexcmds Info: \pdf@primitive is available.
Package pdftexcmds Info: \pdf@ifprimitive is available.
Package pdftexcmds Info: \pdfdraftmode found.
\pdftexcmds@toks=\toks14
)
("C:/Users/bogdy/AppData/Local/Programs/MiKTeX 2.9/tex/latex/graphics/keyval.st
y"
Package: keyval 2014/10/28 v1.15 key=value parser (DPC)
\KV@toks@=\toks15
)
("C:/Users/bogdy/AppData/Local/Programs/MiKTeX 2.9/tex/generic/kvsetkeys/kvsetk
eys.sty"
Package: kvsetkeys 2019/12/15 v1.18 Key value parser (HO)
)
("C:/Users/bogdy/AppData/Local/Programs/MiKTeX 2.9/tex/generic/kvdefinekeys/kvd
efinekeys.sty"
Package: kvdefinekeys 2019-12-19 v1.6 Define keys (HO)
)
("C:/Users/bogdy/AppData/Local/Programs/MiKTeX 2.9/tex/generic/pdfescape/pdfesc
ape.sty"
Package: pdfescape 2019/12/09 v1.15 Implements pdfTeX's escape features (HO)
)
("C:/Users/bogdy/AppData/Local/Programs/MiKTeX 2.9/tex/latex/hycolor/hycolor.st
y"
Package: hycolor 2020-01-27 v1.10 Color options for hyperref/bookmark (HO)
)
("C:/Users/bogdy/AppData/Local/Programs/MiKTeX 2.9/tex/latex/letltxmacro/letltx
macro.sty"
Package: letltxmacro 2019/12/03 v1.6 Let assignment for LaTeX macros (HO)
)
("C:/Users/bogdy/AppData/Local/Programs/MiKTeX 2.9/tex/latex/auxhook/auxhook.st
y"
Package: auxhook 2019-12-17 v1.6 Hooks for auxiliary files (HO)
)
("C:/Users/bogdy/AppData/Local/Programs/MiKTeX 2.9/tex/latex/kvoptions/kvoption
s.sty"
Package: kvoptions 2019/11/29 v3.13 Key value format for package options (HO)
)
\@linkdim=\dimen135
\Hy@linkcounter=\count172
\Hy@pagecounter=\count173

("C:/Users/bogdy/AppData/Local/Programs/MiKTeX 2.9/tex/latex/hyperref/pd1enc.de
f"
File: pd1enc.def 2020/01/14 v7.00d Hyperref: PDFDocEncoding definition (HO)
)
("C:/Users/bogdy/AppData/Local/Programs/MiKTeX 2.9/tex/generic/intcalc/intcalc.
sty"
Package: intcalc 2019/12/15 v1.3 Expandable calculations with integers (HO)
)
("C:/Users/bogdy/AppData/Local/Programs/MiKTeX 2.9/tex/generic/etexcmds/etexcmd
s.sty"
Package: etexcmds 2019/12/15 v1.7 Avoid name clashes with e-TeX commands (HO)
)
\Hy@SavedSpaceFactor=\count174
Package hyperref Info: Hyper figures OFF on input line 4547.
Package hyperref Info: Link nesting OFF on input line 4552.
Package hyperref Info: Hyper index ON on input line 4555.
Package hyperref Info: Plain pages OFF on input line 4562.
Package hyperref Info: Backreferencing OFF on input line 4567.
Package hyperref Info: Implicit mode ON; LaTeX internals redefined.
Package hyperref Info: Bookmarks ON on input line 4800.
\c@Hy@tempcnt=\count175
LaTeX Info: Redefining \url on input line 5159.
\XeTeXLinkMargin=\dimen136

("C:/Users/bogdy/AppData/Local/Programs/MiKTeX 2.9/tex/generic/bitset/bitset.st
y"
Package: bitset 2019/12/09 v1.3 Handle bit-vector datatype (HO)

("C:/Users/bogdy/AppData/Local/Programs/MiKTeX 2.9/tex/generic/bigintcalc/bigin
tcalc.sty"
Package: bigintcalc 2019/12/15 v1.5 Expandable calculations on big integers (HO)

))
\Fld@menulength=\count176
\Field@Width=\dimen137
\Fld@charsize=\dimen138
Package hyperref Info: Hyper figures OFF on input line 6430.
Package hyperref Info: Link nesting OFF on input line 6435.
Package hyperref Info: Hyper index ON on input line 6438.
Package hyperref Info: backreferencing OFF on input line 6445.
Package hyperref Info: Link coloring OFF on input line 6450.
Package hyperref Info: Link coloring with OCG OFF on input line 6455.
Package hyperref Info: PDF/A mode OFF on input line 6460.
LaTeX Info: Redefining \ref on input line 6500.
LaTeX Info: Redefining \pageref on input line 6504.

("C:/Users/bogdy/AppData/Local/Programs/MiKTeX 2.9/tex/generic/atbegshi/atbegsh
i.sty"
Package: atbegshi 2019/12/05 v1.19 At begin shipout hook (HO)
)
\Hy@abspage=\count177
\c@Item=\count178
\c@Hfootnote=\count179
)
Package hyperref Info: Driver (autodetected): hluatex.

("C:/Users/bogdy/AppData/Local/Programs/MiKTeX 2.9/tex/latex/hyperref/hluatex.d
ef"
File: hluatex.def 2020/01/14 v7.00d Hyperref driver for luaTeX

("C:/Users/bogdy/AppData/Local/Programs/MiKTeX 2.9/tex/latex/hyperref/puenc.def
"
File: puenc.def 2020/01/14 v7.00d Hyperref: PDF Unicode definition (HO)
)
("C:/Users/bogdy/AppData/Local/Programs/MiKTeX 2.9/tex/generic/stringenc/string
enc.sty"
Package: stringenc 2019/11/29 v1.12 Convert strings between diff. encodings (HO)

)
("C:/Users/bogdy/AppData/Local/Programs/MiKTeX 2.9/tex/latex/atveryend/atveryen
d.sty"
Package: atveryend 2019-12-11 v1.11 Hooks at the very end of document (HO)
Package atveryend Info: \enddocument detected (standard20110627).
)
\Fld@listcount=\count180
\c@bookmark@seq@number=\count181

("C:/Users/bogdy/AppData/Local/Programs/MiKTeX 2.9/tex/latex/rerunfilecheck/rer
unfilecheck.sty"
Package: rerunfilecheck 2019/12/05 v1.9 Rerun checks for auxiliary files (HO)

("C:/Users/bogdy/AppData/Local/Programs/MiKTeX 2.9/tex/generic/uniquecounter/un
iquecounter.sty"
Package: uniquecounter 2019/12/15 v1.4 Provide unlimited unique counter (HO)
)
Package uniquecounter Info: New unique counter `rerunfilecheck' on input line 28
6.
)
\Hy@SectionHShift=\skip49
)
("C:/Users/bogdy/AppData/Local/Programs/MiKTeX 2.9/tex/latex/biblatex/biblatex.
sty"
Package: biblatex 2019/12/01 v3.14 programmable bibliographies (PK/MW)

("C:/Users/bogdy/AppData/Local/Programs/MiKTeX 2.9/tex/latex/etoolbox/etoolbox.
sty"
Package: etoolbox 2019/09/21 v2.5h e-TeX tools for LaTeX (JAW)
\etb@tempcnta=\count182
)
("C:/Users/bogdy/AppData/Local/Programs/MiKTeX 2.9/tex/latex/logreq/logreq.sty"
Package: logreq 2010/08/04 v1.0 xml request logger
\lrq@indent=\count183
("C:/Users/bogdy/AppData/Local/Programs/MiKTeX 2.9/tex/latex/logreq/logreq.def"
File: logreq.def 2010/08/04 v1.0 logreq spec v1.0
)) ("C:/Users/bogdy/AppData/Local/Programs/MiKTeX 2.9/tex/latex/base/ifthen.sty
"
Package: ifthen 2014/09/29 v1.1c Standard LaTeX ifthen package (DPC)
)
\c@tabx@nest=\count184
\c@listtotal=\count185
\c@listcount=\count186
\c@liststart=\count187
\c@liststop=\count188
\c@citecount=\count189
\c@citetotal=\count190
\c@multicitecount=\count191
\c@multicitetotal=\count192
\c@instcount=\count193
\c@maxnames=\count194
\c@minnames=\count195
\c@maxitems=\count196
\c@minitems=\count197
\c@citecounter=\count198
\c@maxcitecounter=\count199
\c@savedcitecounter=\count266
\c@uniquelist=\count267
\c@uniquename=\count268
\c@refsection=\count269
\c@refsegment=\count270
\c@maxextratitle=\count271
\c@maxextratitleyear=\count272
\c@maxextraname=\count273
\c@maxextradate=\count274
\c@maxextraalpha=\count275
\c@abbrvpenalty=\count276
\c@highnamepenalty=\count277
\c@lownamepenalty=\count278
\c@maxparens=\count279
\c@parenlevel=\count280
\blx@tempcnta=\count281
\blx@tempcntb=\count282
\blx@tempcntc=\count283
\blx@maxsection=\count284
\blx@maxsegment@0=\count285
\blx@notetype=\count286
\blx@parenlevel@text=\count287
\blx@parenlevel@foot=\count288
\blx@sectionciteorder@0=\count289
\blx@entrysetcounter=\count290
\labelnumberwidth=\skip50
\labelalphawidth=\skip51
\biblabelsep=\skip52
\bibitemsep=\skip53
\bibnamesep=\skip54
\bibinitsep=\skip55
\bibparsep=\skip56
\bibhang=\skip57
\blx@bcfin=\read2
\blx@bcfout=\write3
\blx@langwohyphens=\language2
\c@mincomprange=\count291
\c@maxcomprange=\count292
\c@mincompwidth=\count293
Package biblatex Info: Trying to load biblatex default data model...
Package biblatex Info: ... file 'blx-dm.def' found.

("C:/Users/bogdy/AppData/Local/Programs/MiKTeX 2.9/tex/latex/biblatex/blx-dm.de
f"
File: blx-dm.def 2019/12/01 v3.14 biblatex localization (PK/MW)
)
Package biblatex Info: Trying to load biblatex style data model...
Package biblatex Info: ... file 'numeric.dbx' not found.
Package biblatex Info: Trying to load biblatex custom data model...
Package biblatex Info: ... file 'biblatex-dm.cfg' not found.
\c@afterword=\count294
\c@savedafterword=\count295
\c@annotator=\count296
\c@savedannotator=\count297
\c@author=\count298
\c@savedauthor=\count299
\c@bookauthor=\count300
\c@savedbookauthor=\count301
\c@commentator=\count302
\c@savedcommentator=\count303
\c@editor=\count304
\c@savededitor=\count305
\c@editora=\count306
\c@savededitora=\count307
\c@editorb=\count308
\c@savededitorb=\count309
\c@editorc=\count310
\c@savededitorc=\count311
\c@foreword=\count312
\c@savedforeword=\count313
\c@holder=\count314
\c@savedholder=\count315
\c@introduction=\count316
\c@savedintroduction=\count317
\c@namea=\count318
\c@savednamea=\count319
\c@nameb=\count320
\c@savednameb=\count321
\c@namec=\count322
\c@savednamec=\count323
\c@translator=\count324
\c@savedtranslator=\count325
\c@shortauthor=\count326
\c@savedshortauthor=\count327
\c@shorteditor=\count328
\c@savedshorteditor=\count329
\c@labelname=\count330
\c@savedlabelname=\count331
\c@institution=\count332
\c@savedinstitution=\count333
\c@lista=\count334
\c@savedlista=\count335
\c@listb=\count336
\c@savedlistb=\count337
\c@listc=\count338
\c@savedlistc=\count339
\c@listd=\count340
\c@savedlistd=\count341
\c@liste=\count342
\c@savedliste=\count343
\c@listf=\count344
\c@savedlistf=\count345
\c@location=\count346
\c@savedlocation=\count347
\c@organization=\count348
\c@savedorganization=\count349
\c@origlocation=\count350
\c@savedoriglocation=\count351
\c@origpublisher=\count352
\c@savedorigpublisher=\count353
\c@publisher=\count354
\c@savedpublisher=\count355
\c@language=\count356
\c@savedlanguage=\count357
\c@origlanguage=\count358
\c@savedoriglanguage=\count359
\c@pageref=\count360
\c@savedpageref=\count361
\shorthandwidth=\skip58
\shortjournalwidth=\skip59
\shortserieswidth=\skip60
\shorttitlewidth=\skip61
\shortauthorwidth=\skip62
\shorteditorwidth=\skip63
\locallabelnumberwidth=\skip64
\locallabelalphawidth=\skip65
\localshorthandwidth=\skip66
\localshortjournalwidth=\skip67
\localshortserieswidth=\skip68
\localshorttitlewidth=\skip69
\localshortauthorwidth=\skip70
\localshorteditorwidth=\skip71
Package biblatex Info: Trying to load enhanced support for Unicode engines...
Package biblatex Info: ... file 'blx-unicode.def' found.

("C:/Users/bogdy/AppData/Local/Programs/MiKTeX 2.9/tex/latex/biblatex/blx-unico
de.def")
Package biblatex Info: Trying to load compatibility code...
Package biblatex Info: ... file 'blx-compat.def' found.

("C:/Users/bogdy/AppData/Local/Programs/MiKTeX 2.9/tex/latex/biblatex/blx-compa
t.def"
File: blx-compat.def 2019/12/01 v3.14 biblatex compatibility (PK/MW)
)
Package biblatex Info: Trying to load BibTeX backend compatibility...
Package biblatex Info: ... file 'blx-bibtex.def' found.

("C:/Users/bogdy/AppData/Local/Programs/MiKTeX 2.9/tex/latex/biblatex/blx-bibte
x.def"
File: blx-bibtex.def 2019/12/01 v3.14 biblatex compatibility (PK/MW)


Package biblatex Warning: Using fall-back BibTeX(8) backend:
(biblatex)                functionality may be reduced/unavailable.

)
Package biblatex Info: Trying to load generic definitions...
Package biblatex Info: ... file 'biblatex.def' found.

("C:/Users/bogdy/AppData/Local/Programs/MiKTeX 2.9/tex/latex/biblatex/biblatex.
def"
File: biblatex.def 2019/12/01 v3.14 biblatex compatibility (PK/MW)
\c@textcitecount=\count362
\c@textcitetotal=\count363
\c@textcitemaxnames=\count364
\c@biburlbigbreakpenalty=\count365
\c@biburlbreakpenalty=\count366
\c@biburlnumpenalty=\count367
\c@biburlucpenalty=\count368
\c@biburllcpenalty=\count369
\biburlbigskip=\muskip17
\biburlnumskip=\muskip18
\biburlucskip=\muskip19
\biburllcskip=\muskip20
\c@smartand=\count370
)
Package biblatex Info: Trying to load bibliography style 'numeric'...
Package biblatex Info: ... file 'numeric.bbx' found.

("C:/Users/bogdy/AppData/Local/Programs/MiKTeX 2.9/tex/latex/biblatex/bbx/numer
ic.bbx"
File: numeric.bbx 2019/12/01 v3.14 biblatex bibliography style (PK/MW)
Package biblatex Info: Trying to load bibliography style 'standard'...
Package biblatex Info: ... file 'standard.bbx' found.

("C:/Users/bogdy/AppData/Local/Programs/MiKTeX 2.9/tex/latex/biblatex/bbx/stand
ard.bbx"
File: standard.bbx 2019/12/01 v3.14 biblatex bibliography style (PK/MW)
\c@bbx:relatedcount=\count371
\c@bbx:relatedtotal=\count372
))
Package biblatex Info: Trying to load citation style 'numeric'...
Package biblatex Info: ... file 'numeric.cbx' found.

("C:/Users/bogdy/AppData/Local/Programs/MiKTeX 2.9/tex/latex/biblatex/cbx/numer
ic.cbx"
File: numeric.cbx 2019/12/01 v3.14 biblatex citation style (PK/MW)
Package biblatex Info: Redefining '\cite'.
Package biblatex Info: Redefining '\parencite'.
Package biblatex Info: Redefining '\footcite'.
Package biblatex Info: Redefining '\footcitetext'.
Package biblatex Info: Redefining '\smartcite'.
Package biblatex Info: Redefining '\supercite'.
Package biblatex Info: Redefining '\textcite'.
Package biblatex Info: Redefining '\textcites'.
Package biblatex Info: Redefining '\cites'.
Package biblatex Info: Redefining '\parencites'.
Package biblatex Info: Redefining '\smartcites'.
)
Package biblatex Info: Trying to load configuration file...
Package biblatex Info: ... file 'biblatex.cfg' found.

("C:/Users/bogdy/AppData/Local/Programs/MiKTeX 2.9/tex/latex/biblatex/biblatex.
cfg"
File: biblatex.cfg 
))
("C:/Users/bogdy/AppData/Local/Programs/MiKTeX 2.9/tex/latex/tools/indentfirst.
sty"
Package: indentfirst 1995/11/23 v1.03 Indent first paragraph (DPC)
)
("C:/Users/bogdy/AppData/Local/Programs/MiKTeX 2.9/tex/latex/titlesec/titlesec.
sty"
Package: titlesec 2019/10/16 v2.13 Sectioning titles
\ttl@box=\box45
\beforetitleunit=\skip72
\aftertitleunit=\skip73
\ttl@plus=\dimen139
\ttl@minus=\dimen140
\ttl@toksa=\toks16
\titlewidth=\dimen141
\titlewidthlast=\dimen142
\titlewidthfirst=\dimen143
)
("C:/Users/bogdy/AppData/Local/Programs/MiKTeX 2.9/tex/latex/graphics/graphicx.
sty"
Package: graphicx 2019/11/30 v1.2a Enhanced LaTeX Graphics (DPC,SPQR)

("C:/Users/bogdy/AppData/Local/Programs/MiKTeX 2.9/tex/latex/graphics/graphics.
sty"
Package: graphics 2019/11/30 v1.4a Standard LaTeX Graphics (DPC,SPQR)

("C:/Users/bogdy/AppData/Local/Programs/MiKTeX 2.9/tex/latex/graphics/trig.sty"
Package: trig 2016/01/03 v1.10 sin cos tan (DPC)
)
("C:/Users/bogdy/AppData/Local/Programs/MiKTeX 2.9/tex/latex/graphics-cfg/graph
ics.cfg"
File: graphics.cfg 2016/06/04 v1.11 sample graphics configuration
)
Package graphics Info: Driver file: luatex.def on input line 105.

("C:/Users/bogdy/AppData/Local/Programs/MiKTeX 2.9/tex/latex/graphics-def/luate
x.def"
File: luatex.def 2018/01/08 v1.0l Graphics/color driver for luatex
))
\Gin@req@height=\dimen144
\Gin@req@width=\dimen145
)
("C:/Users/bogdy/AppData/Local/Programs/MiKTeX 2.9/tex/latex/caption/caption.st
y"
Package: caption 2020/01/03 v3.4h Customizing captions (AR)

("C:/Users/bogdy/AppData/Local/Programs/MiKTeX 2.9/tex/latex/caption/caption3.s
ty"
Package: caption3 2020/01/03 v1.8h caption3 kernel (AR)
Package caption3 Info: TeX engine: e-TeX on input line 61.
\captionmargin=\dimen146
\captionmargin@=\dimen147
\captionwidth=\dimen148
\caption@tempdima=\dimen149
\caption@indent=\dimen150
\caption@parindent=\dimen151
\caption@hangindent=\dimen152
Package caption Info: Standard document class detected.
)
\c@caption@flags=\count373
\c@continuedfloat=\count374
Package caption Info: hyperref package is loaded.
)
("C:/Users/bogdy/AppData/Local/Programs/MiKTeX 2.9/tex/latex/caption/subcaption
.sty"
Package: subcaption 2020/01/22 v1.3d Sub-captions (AR)
\c@subfigure=\count375
\c@subtable=\count376
)
("C:/Users/bogdy/AppData/Local/Programs/MiKTeX 2.9/tex/latex/adjustbox/adjustbo
x.sty"
Package: adjustbox 2019/01/04 v1.2 Adjusting TeX boxes (trim, clip, ...)

("C:/Users/bogdy/AppData/Local/Programs/MiKTeX 2.9/tex/latex/xkeyval/xkeyval.st
y"
Package: xkeyval 2014/12/03 v2.7a package option processing (HA)

("C:/Users/bogdy/AppData/Local/Programs/MiKTeX 2.9/tex/generic/xkeyval/xkeyval.
tex"
("C:/Users/bogdy/AppData/Local/Programs/MiKTeX 2.9/tex/generic/xkeyval/xkvutils
.tex"
\XKV@toks=\toks17
\XKV@tempa@toks=\toks18
)
\XKV@depth=\count377
File: xkeyval.tex 2014/12/03 v2.7a key=value parser (HA)
))
("C:/Users/bogdy/AppData/Local/Programs/MiKTeX 2.9/tex/latex/adjustbox/adjcalc.
sty"
Package: adjcalc 2012/05/16 v1.1 Provides advanced setlength with multiple back-
ends (calc, etex, pgfmath)
)
("C:/Users/bogdy/AppData/Local/Programs/MiKTeX 2.9/tex/latex/adjustbox/trimclip
.sty"
Package: trimclip 2018/04/08 v1.1 Trim and clip general TeX material

("C:/Users/bogdy/AppData/Local/Programs/MiKTeX 2.9/tex/latex/collectbox/collect
box.sty"
Package: collectbox 2012/05/17 v0.4b Collect macro arguments as boxes
\collectedbox=\box46
)
\tc@llx=\dimen153
\tc@lly=\dimen154
\tc@urx=\dimen155
\tc@ury=\dimen156

("C:/Users/bogdy/AppData/Local/Programs/MiKTeX 2.9/tex/latex/adjustbox/tc-pgf.d
ef"
File: tc-pgf.def 2019/01/04 v2.2 trimclip fall-back clipping driver using PGF

("C:/Users/bogdy/AppData/Local/Programs/MiKTeX 2.9/tex/latex/pgf/basiclayer/pgf
.sty"
("C:/Users/bogdy/AppData/Local/Programs/MiKTeX 2.9/tex/latex/pgf/utilities/pgfr
cs.sty"
("C:/Users/bogdy/AppData/Local/Programs/MiKTeX 2.9/tex/generic/pgf/utilities/pg
futil-common.tex"
\pgfutil@everybye=\toks19
\pgfutil@tempdima=\dimen157
\pgfutil@tempdimb=\dimen158

("C:/Users/bogdy/AppData/Local/Programs/MiKTeX 2.9/tex/generic/pgf/utilities/pg
futil-common-lists.tex"))
("C:/Users/bogdy/AppData/Local/Programs/MiKTeX 2.9/tex/generic/pgf/utilities/pg
futil-latex.def"
\pgfutil@abb=\box47

("C:/Users/bogdy/AppData/Local/Programs/MiKTeX 2.9/tex/latex/ms/everyshi.sty"
Package: everyshi 2001/05/15 v3.00 EveryShipout Package (MS)
))
("C:/Users/bogdy/AppData/Local/Programs/MiKTeX 2.9/tex/generic/pgf/utilities/pg
frcs.code.tex"
("C:/Users/bogdy/AppData/Local/Programs/MiKTeX 2.9/tex/generic/pgf/pgf.revision
.tex")
Package: pgfrcs 2020/01/08 v3.1.5b (3.1.5b)
))
Package: pgf 2020/01/08 v3.1.5b (3.1.5b)

("C:/Users/bogdy/AppData/Local/Programs/MiKTeX 2.9/tex/latex/pgf/basiclayer/pgf
core.sty"
("C:/Users/bogdy/AppData/Local/Programs/MiKTeX 2.9/tex/latex/pgf/systemlayer/pg
fsys.sty"
("C:/Users/bogdy/AppData/Local/Programs/MiKTeX 2.9/tex/generic/pgf/systemlayer/
pgfsys.code.tex"
Package: pgfsys 2020/01/08 v3.1.5b (3.1.5b)

("C:/Users/bogdy/AppData/Local/Programs/MiKTeX 2.9/tex/generic/pgf/utilities/pg
fkeys.code.tex"
\pgfkeys@pathtoks=\toks20
\pgfkeys@temptoks=\toks21

("C:/Users/bogdy/AppData/Local/Programs/MiKTeX 2.9/tex/generic/pgf/utilities/pg
fkeysfiltered.code.tex"
\pgfkeys@tmptoks=\toks22
))
\pgf@x=\dimen159
\pgf@y=\dimen160
\pgf@xa=\dimen161
\pgf@ya=\dimen162
\pgf@xb=\dimen163
\pgf@yb=\dimen164
\pgf@xc=\dimen165
\pgf@yc=\dimen166
\pgf@xd=\dimen167
\pgf@yd=\dimen168
\w@pgf@writea=\write4
\r@pgf@reada=\read3
\c@pgf@counta=\count378
\c@pgf@countb=\count379
\c@pgf@countc=\count380
\c@pgf@countd=\count381
\t@pgf@toka=\toks23
\t@pgf@tokb=\toks24
\t@pgf@tokc=\toks25
\pgf@sys@id@count=\count382

("C:/Users/bogdy/AppData/Local/Programs/MiKTeX 2.9/tex/generic/pgf/systemlayer/
pgf.cfg"
File: pgf.cfg 2020/01/08 v3.1.5b (3.1.5b)
)
Driver file for pgf: pgfsys-luatex.def

("C:/Users/bogdy/AppData/Local/Programs/MiKTeX 2.9/tex/generic/pgf/systemlayer/
pgfsys-luatex.def"
File: pgfsys-luatex.def 2020/01/08 v3.1.5b (3.1.5b)

("C:/Users/bogdy/AppData/Local/Programs/MiKTeX 2.9/tex/generic/pgf/systemlayer/
pgfsys-common-pdf.def"
File: pgfsys-common-pdf.def 2020/01/08 v3.1.5b (3.1.5b)
)))
("C:/Users/bogdy/AppData/Local/Programs/MiKTeX 2.9/tex/generic/pgf/systemlayer/
pgfsyssoftpath.code.tex"
File: pgfsyssoftpath.code.tex 2020/01/08 v3.1.5b (3.1.5b)
\pgfsyssoftpath@smallbuffer@items=\count383
\pgfsyssoftpath@bigbuffer@items=\count384
)
("C:/Users/bogdy/AppData/Local/Programs/MiKTeX 2.9/tex/generic/pgf/systemlayer/
pgfsysprotocol.code.tex"
File: pgfsysprotocol.code.tex 2020/01/08 v3.1.5b (3.1.5b)
))
("C:/Users/bogdy/AppData/Local/Programs/MiKTeX 2.9/tex/latex/xcolor/xcolor.sty"
Package: xcolor 2016/05/11 v2.12 LaTeX color extensions (UK)

("C:/Users/bogdy/AppData/Local/Programs/MiKTeX 2.9/tex/latex/graphics-cfg/color
.cfg"
File: color.cfg 2016/01/02 v1.6 sample color configuration
)
Package xcolor Info: Driver file: luatex.def on input line 225.
Package xcolor Info: Model `cmy' substituted by `cmy0' on input line 1348.
Package xcolor Info: Model `hsb' substituted by `rgb' on input line 1352.
Package xcolor Info: Model `RGB' extended on input line 1364.
Package xcolor Info: Model `HTML' substituted by `rgb' on input line 1366.
Package xcolor Info: Model `Hsb' substituted by `hsb' on input line 1367.
Package xcolor Info: Model `tHsb' substituted by `hsb' on input line 1368.
Package xcolor Info: Model `HSB' substituted by `hsb' on input line 1369.
Package xcolor Info: Model `Gray' substituted by `gray' on input line 1370.
Package xcolor Info: Model `wave' substituted by `hsb' on input line 1371.
)
("C:/Users/bogdy/AppData/Local/Programs/MiKTeX 2.9/tex/generic/pgf/basiclayer/p
gfcore.code.tex"
Package: pgfcore 2020/01/08 v3.1.5b (3.1.5b)

("C:/Users/bogdy/AppData/Local/Programs/MiKTeX 2.9/tex/generic/pgf/math/pgfmath
.code.tex"
("C:/Users/bogdy/AppData/Local/Programs/MiKTeX 2.9/tex/generic/pgf/math/pgfmath
calc.code.tex"
("C:/Users/bogdy/AppData/Local/Programs/MiKTeX 2.9/tex/generic/pgf/math/pgfmath
util.code.tex")
("C:/Users/bogdy/AppData/Local/Programs/MiKTeX 2.9/tex/generic/pgf/math/pgfmath
parser.code.tex"
\pgfmath@dimen=\dimen169
\pgfmath@count=\count385
\pgfmath@box=\box48
\pgfmath@toks=\toks26
\pgfmath@stack@operand=\toks27
\pgfmath@stack@operation=\toks28
)
("C:/Users/bogdy/AppData/Local/Programs/MiKTeX 2.9/tex/generic/pgf/math/pgfmath
functions.code.tex"
("C:/Users/bogdy/AppData/Local/Programs/MiKTeX 2.9/tex/generic/pgf/math/pgfmath
functions.basic.code.tex")
("C:/Users/bogdy/AppData/Local/Programs/MiKTeX 2.9/tex/generic/pgf/math/pgfmath
functions.trigonometric.code.tex")
("C:/Users/bogdy/AppData/Local/Programs/MiKTeX 2.9/tex/generic/pgf/math/pgfmath
functions.random.code.tex")
("C:/Users/bogdy/AppData/Local/Programs/MiKTeX 2.9/tex/generic/pgf/math/pgfmath
functions.comparison.code.tex")
("C:/Users/bogdy/AppData/Local/Programs/MiKTeX 2.9/tex/generic/pgf/math/pgfmath
functions.base.code.tex")
("C:/Users/bogdy/AppData/Local/Programs/MiKTeX 2.9/tex/generic/pgf/math/pgfmath
functions.round.code.tex")
("C:/Users/bogdy/AppData/Local/Programs/MiKTeX 2.9/tex/generic/pgf/math/pgfmath
functions.misc.code.tex")
("C:/Users/bogdy/AppData/Local/Programs/MiKTeX 2.9/tex/generic/pgf/math/pgfmath
functions.integerarithmetics.code.tex")))
("C:/Users/bogdy/AppData/Local/Programs/MiKTeX 2.9/tex/generic/pgf/math/pgfmath
float.code.tex"
\c@pgfmathroundto@lastzeros=\count386
))
("C:/Users/bogdy/AppData/Local/Programs/MiKTeX 2.9/tex/generic/pgf/math/pgfint.
code.tex")
("C:/Users/bogdy/AppData/Local/Programs/MiKTeX 2.9/tex/generic/pgf/basiclayer/p
gfcorepoints.code.tex"
File: pgfcorepoints.code.tex 2020/01/08 v3.1.5b (3.1.5b)
\pgf@picminx=\dimen170
\pgf@picmaxx=\dimen171
\pgf@picminy=\dimen172
\pgf@picmaxy=\dimen173
\pgf@pathminx=\dimen174
\pgf@pathmaxx=\dimen175
\pgf@pathminy=\dimen176
\pgf@pathmaxy=\dimen177
\pgf@xx=\dimen178
\pgf@xy=\dimen179
\pgf@yx=\dimen180
\pgf@yy=\dimen181
\pgf@zx=\dimen182
\pgf@zy=\dimen183
)
("C:/Users/bogdy/AppData/Local/Programs/MiKTeX 2.9/tex/generic/pgf/basiclayer/p
gfcorepathconstruct.code.tex"
File: pgfcorepathconstruct.code.tex 2020/01/08 v3.1.5b (3.1.5b)
\pgf@path@lastx=\dimen184
\pgf@path@lasty=\dimen185
)
("C:/Users/bogdy/AppData/Local/Programs/MiKTeX 2.9/tex/generic/pgf/basiclayer/p
gfcorepathusage.code.tex"
File: pgfcorepathusage.code.tex 2020/01/08 v3.1.5b (3.1.5b)
\pgf@shorten@end@additional=\dimen186
\pgf@shorten@start@additional=\dimen187
)
("C:/Users/bogdy/AppData/Local/Programs/MiKTeX 2.9/tex/generic/pgf/basiclayer/p
gfcorescopes.code.tex"
File: pgfcorescopes.code.tex 2020/01/08 v3.1.5b (3.1.5b)
\pgfpic=\box49
\pgf@hbox=\box50
\pgf@layerbox@main=\box51
\pgf@picture@serial@count=\count387
)
("C:/Users/bogdy/AppData/Local/Programs/MiKTeX 2.9/tex/generic/pgf/basiclayer/p
gfcoregraphicstate.code.tex"
File: pgfcoregraphicstate.code.tex 2020/01/08 v3.1.5b (3.1.5b)
\pgflinewidth=\dimen188
)
("C:/Users/bogdy/AppData/Local/Programs/MiKTeX 2.9/tex/generic/pgf/basiclayer/p
gfcoretransformations.code.tex"
File: pgfcoretransformations.code.tex 2020/01/08 v3.1.5b (3.1.5b)
\pgf@pt@x=\dimen189
\pgf@pt@y=\dimen190
\pgf@pt@temp=\dimen191
)
("C:/Users/bogdy/AppData/Local/Programs/MiKTeX 2.9/tex/generic/pgf/basiclayer/p
gfcorequick.code.tex"
File: pgfcorequick.code.tex 2020/01/08 v3.1.5b (3.1.5b)
)
("C:/Users/bogdy/AppData/Local/Programs/MiKTeX 2.9/tex/generic/pgf/basiclayer/p
gfcoreobjects.code.tex"
File: pgfcoreobjects.code.tex 2020/01/08 v3.1.5b (3.1.5b)
)
("C:/Users/bogdy/AppData/Local/Programs/MiKTeX 2.9/tex/generic/pgf/basiclayer/p
gfcorepathprocessing.code.tex"
File: pgfcorepathprocessing.code.tex 2020/01/08 v3.1.5b (3.1.5b)
)
("C:/Users/bogdy/AppData/Local/Programs/MiKTeX 2.9/tex/generic/pgf/basiclayer/p
gfcorearrows.code.tex"
File: pgfcorearrows.code.tex 2020/01/08 v3.1.5b (3.1.5b)
\pgfarrowsep=\dimen192
)
("C:/Users/bogdy/AppData/Local/Programs/MiKTeX 2.9/tex/generic/pgf/basiclayer/p
gfcoreshade.code.tex"
File: pgfcoreshade.code.tex 2020/01/08 v3.1.5b (3.1.5b)
\pgf@max=\dimen193
\pgf@sys@shading@range@num=\count388
\pgf@shadingcount=\count389
)
("C:/Users/bogdy/AppData/Local/Programs/MiKTeX 2.9/tex/generic/pgf/basiclayer/p
gfcoreimage.code.tex"
File: pgfcoreimage.code.tex 2020/01/08 v3.1.5b (3.1.5b)

("C:/Users/bogdy/AppData/Local/Programs/MiKTeX 2.9/tex/generic/pgf/basiclayer/p
gfcoreexternal.code.tex"
File: pgfcoreexternal.code.tex 2020/01/08 v3.1.5b (3.1.5b)
\pgfexternal@startupbox=\box52
))
("C:/Users/bogdy/AppData/Local/Programs/MiKTeX 2.9/tex/generic/pgf/basiclayer/p
gfcorelayers.code.tex"
File: pgfcorelayers.code.tex 2020/01/08 v3.1.5b (3.1.5b)
)
("C:/Users/bogdy/AppData/Local/Programs/MiKTeX 2.9/tex/generic/pgf/basiclayer/p
gfcoretransparency.code.tex"
File: pgfcoretransparency.code.tex 2020/01/08 v3.1.5b (3.1.5b)
)
("C:/Users/bogdy/AppData/Local/Programs/MiKTeX 2.9/tex/generic/pgf/basiclayer/p
gfcorepatterns.code.tex"
File: pgfcorepatterns.code.tex 2020/01/08 v3.1.5b (3.1.5b)
)
("C:/Users/bogdy/AppData/Local/Programs/MiKTeX 2.9/tex/generic/pgf/basiclayer/p
gfcorerdf.code.tex"
File: pgfcorerdf.code.tex 2020/01/08 v3.1.5b (3.1.5b)
)))
("C:/Users/bogdy/AppData/Local/Programs/MiKTeX 2.9/tex/generic/pgf/modules/pgfm
oduleshapes.code.tex"
File: pgfmoduleshapes.code.tex 2020/01/08 v3.1.5b (3.1.5b)
\pgfnodeparttextbox=\box53
)
("C:/Users/bogdy/AppData/Local/Programs/MiKTeX 2.9/tex/generic/pgf/modules/pgfm
oduleplot.code.tex"
File: pgfmoduleplot.code.tex 2020/01/08 v3.1.5b (3.1.5b)
)
("C:/Users/bogdy/AppData/Local/Programs/MiKTeX 2.9/tex/latex/pgf/compatibility/
pgfcomp-version-0-65.sty"
Package: pgfcomp-version-0-65 2020/01/08 v3.1.5b (3.1.5b)
\pgf@nodesepstart=\dimen194
\pgf@nodesepend=\dimen195
)
("C:/Users/bogdy/AppData/Local/Programs/MiKTeX 2.9/tex/latex/pgf/compatibility/
pgfcomp-version-1-18.sty"
Package: pgfcomp-version-1-18 2020/01/08 v3.1.5b (3.1.5b)
)))
Package trimclip Info: No clipping driver 'tc-luatex.def' available.
(trimclip)             Using fall-back PGF driver.
)
\adjbox@Width=\dimen196
\adjbox@Height=\dimen197
\adjbox@Depth=\dimen198
\adjbox@Totalheight=\dimen199
\adjbox@pwidth=\dimen256
\adjbox@pheight=\dimen257
\adjbox@pdepth=\dimen258
\adjbox@ptotalheight=\dimen259

("C:/Users/bogdy/AppData/Local/Programs/MiKTeX 2.9/tex/latex/ifoddpage/ifoddpag
e.sty"
Package: ifoddpage 2016/04/23 v1.1 Conditionals for odd/even page detection
\c@checkoddpage=\count390
)
("C:/Users/bogdy/AppData/Local/Programs/MiKTeX 2.9/tex/latex/varwidth/varwidth.
sty"
Package: varwidth 2009/03/30 ver 0.92;  Variable-width minipages
\@vwid@box=\box54
\sift@deathcycles=\count391
\@vwid@loff=\dimen260
\@vwid@roff=\dimen261
))
("C:/Users/bogdy/AppData/Local/Programs/MiKTeX 2.9/tex/latex/geometry/geometry.
sty"
Package: geometry 2020/01/02 v5.9 Page Geometry

("C:/Users/bogdy/AppData/Local/Programs/MiKTeX 2.9/tex/generic/iftex/ifvtex.sty
"
Package: ifvtex 2019/10/25 v1.7 ifvtex legacy package. Use iftex instead.
)
\Gm@cnth=\count392
\Gm@cntv=\count393
\c@Gm@tempcnt=\count394
\Gm@bindingoffset=\dimen262
\Gm@wd@mp=\dimen263
\Gm@odd@mp=\dimen264
\Gm@even@mp=\dimen265
\Gm@layoutwidth=\dimen266
\Gm@layoutheight=\dimen267
\Gm@layouthoffset=\dimen268
\Gm@layoutvoffset=\dimen269
\Gm@dimlist=\toks29

("C:/Users/bogdy/AppData/Local/Programs/MiKTeX 2.9/tex/latex/geometry/geometry.
cfg"))
("C:/Users/bogdy/AppData/Local/Programs/MiKTeX 2.9/tex/latex/mathtools/mathtool
s.sty"
Package: mathtools 2020/03/24 v1.24 mathematical typesetting tools

("C:/Users/bogdy/AppData/Local/Programs/MiKTeX 2.9/tex/latex/tools/calc.sty"
Package: calc 2017/05/25 v4.3 Infix arithmetic (KKT,FJ)
\calc@Acount=\count395
\calc@Bcount=\count396
\calc@Adimen=\dimen270
\calc@Bdimen=\dimen271
\calc@Askip=\skip74
\calc@Bskip=\skip75
LaTeX Info: Redefining \setlength on input line 80.
LaTeX Info: Redefining \addtolength on input line 81.
\calc@Ccount=\count397
\calc@Cskip=\skip76
)
("C:/Users/bogdy/AppData/Local/Programs/MiKTeX 2.9/tex/latex/mathtools/mhsetup.
sty"
Package: mhsetup 2017/03/31 v1.3 programming setup (MH)
)
("C:/Users/bogdy/AppData/Local/Programs/MiKTeX 2.9/tex/latex/amsmath/amsmath.st
y"
Package: amsmath 2020/01/20 v2.17e AMS math features
\@mathmargin=\skip77

For additional information on amsmath, use the `?' option.

("C:/Users/bogdy/AppData/Local/Programs/MiKTeX 2.9/tex/latex/amsmath/amstext.st
y"
Package: amstext 2000/06/29 v2.01 AMS text

("C:/Users/bogdy/AppData/Local/Programs/MiKTeX 2.9/tex/latex/amsmath/amsgen.sty
"
File: amsgen.sty 1999/11/30 v2.0 generic functions
\@emptytoks=\toks30
\ex@=\dimen272
))
("C:/Users/bogdy/AppData/Local/Programs/MiKTeX 2.9/tex/latex/amsmath/amsbsy.sty
"
Package: amsbsy 1999/11/29 v1.2d Bold Symbols
\pmbraise@=\dimen273
)
("C:/Users/bogdy/AppData/Local/Programs/MiKTeX 2.9/tex/latex/amsmath/amsopn.sty
"
Package: amsopn 2016/03/08 v2.02 operator names
)
\inf@bad=\count398
LaTeX Info: Redefining \frac on input line 227.
\uproot@=\count399
\leftroot@=\count400
LaTeX Info: Redefining \overline on input line 389.
\classnum@=\count401
\DOTSCASE@=\count402
LaTeX Info: Redefining \ldots on input line 486.
LaTeX Info: Redefining \dots on input line 489.
LaTeX Info: Redefining \cdots on input line 610.
\Mathstrutbox@=\box55
\strutbox@=\box56
\big@size=\dimen274
LaTeX Font Info:    Redeclaring font encoding OML on input line 733.
LaTeX Font Info:    Redeclaring font encoding OMS on input line 734.
\macc@depth=\count403
\c@MaxMatrixCols=\count404
\dotsspace@=\muskip21
\c@parentequation=\count405
\dspbrk@lvl=\count406
\tag@help=\toks31
\row@=\count407
\column@=\count408
\maxfields@=\count409
\andhelp@=\toks32
\eqnshift@=\dimen275
\alignsep@=\dimen276
\tagshift@=\dimen277
\tagwidth@=\dimen278
\totwidth@=\dimen279
\lineht@=\dimen280
\@envbody=\toks33
\multlinegap=\skip78
\multlinetaggap=\skip79
\mathdisplay@stack=\toks34
LaTeX Info: Redefining \[ on input line 2859.
LaTeX Info: Redefining \] on input line 2860.
)
LaTeX Info: Thecontrolsequence`\('isalreadyrobust on input line 130.
LaTeX Info: Thecontrolsequence`\)'isalreadyrobust on input line 130.
LaTeX Info: Thecontrolsequence`\['isalreadyrobust on input line 130.
LaTeX Info: Thecontrolsequence`\]'isalreadyrobust on input line 130.
\g_MT_multlinerow_int=\count410
\l_MT_multwidth_dim=\dimen281
\origjot=\skip80
\l_MT_shortvdotswithinadjustabove_dim=\dimen282
\l_MT_shortvdotswithinadjustbelow_dim=\dimen283
\l_MT_above_intertext_sep=\dimen284
\l_MT_below_intertext_sep=\dimen285
\l_MT_above_shortintertext_sep=\dimen286
\l_MT_below_shortintertext_sep=\dimen287
\xmathstrut@box=\box57
\xmathstrut@dim=\dimen288
)
("C:/Users/bogdy/AppData/Local/Programs/MiKTeX 2.9/tex/latex/listings/listings.
sty"
\lst@mode=\count411
\lst@gtempboxa=\box58
\lst@token=\toks35
\lst@length=\count412
\lst@currlwidth=\dimen289
\lst@column=\count413
\lst@pos=\count414
\lst@lostspace=\dimen290
\lst@width=\dimen291
\lst@newlines=\count415
\lst@lineno=\count416
\lst@maxwidth=\dimen292

("C:/Users/bogdy/AppData/Local/Programs/MiKTeX 2.9/tex/latex/listings/lstmisc.s
ty"
File: lstmisc.sty 2019/09/10 1.8c (Carsten Heinz)
\c@lstnumber=\count417
\lst@skipnumbers=\count418
\lst@framebox=\box59
)
("C:/Users/bogdy/AppData/Local/Programs/MiKTeX 2.9/tex/latex/listings/listings.
cfg"
File: listings.cfg 2019/09/10 1.8c listings configuration
))
Package: listings 2019/09/10 1.8c (Carsten Heinz)

("C:/Users/bogdy/AppData/Local/Programs/MiKTeX 2.9/tex/latex/float/float.sty"
Package: float 2001/11/08 v1.3d Float enhancements (AL)
\c@float@type=\count419
\float@exts=\toks36
\float@box=\box60
\@float@everytoks=\toks37
\@floatcapt=\box61
)
("C:/Users/bogdy/AppData/Local/Programs/MiKTeX 2.9/tex/latex/pythonhighlight/py
thonhighlight.sty"
Package: pythonhighlight 2017/02/09 python code highlighting; provided by Olivie
r Verdier <olivier.verdier@gmail.com>
)
("C:/Users/bogdy/AppData/Local/Programs/MiKTeX 2.9/tex/latex/fontspec/fontspec.
sty"
("C:/Users/bogdy/AppData/Local/Programs/MiKTeX 2.9/tex/latex/l3packages/xparse/
xparse.sty"
("C:/Users/bogdy/AppData/Local/Programs/MiKTeX 2.9/tex/latex/l3kernel/expl3.sty
"
Package: expl3 2020-02-03 L3 programming layer (loader) 

("C:/Users/bogdy/AppData/Local/Programs/MiKTeX 2.9/tex/latex/l3backend/l3backen
d-pdfmode.def"
File: l3backend-pdfmode.def 2020-02-03 L3 backend support: PDF mode
\l__kernel_color_stack_int=\count420
\l__pdf_internal_box=\box62
))
Package: xparse 2020-02-03 L3 Experimental document command parser
\l__xparse_current_arg_int=\count421
\g__xparse_grabber_int=\count422
\l__xparse_m_args_int=\count423
\l__xparse_v_nesting_int=\count424
)
Package: fontspec 2020/02/03 v2.7h Font selection for XeLaTeX and LuaLaTeX
Lua module: fontspec 2020/02/03 2.7h Font selection for XeLaTeX and LuaLaTeX
("C:/Users/bogdy/AppData/Local/Programs/MiKTeX 2.9/tex/latex/fontspec/fontspec-
luatex.sty"
Package: fontspec-luatex 2020/02/03 v2.7h Font selection for XeLaTeX and LuaLaTe
X
\l__fontspec_script_int=\count425
\l__fontspec_language_int=\count426
\l__fontspec_strnum_int=\count427
\l__fontspec_tmp_int=\count428
\l__fontspec_tmpa_int=\count429
\l__fontspec_tmpb_int=\count430
\l__fontspec_tmpc_int=\count431
\l__fontspec_em_int=\count432
\l__fontspec_emdef_int=\count433
\l__fontspec_strong_int=\count434
\l__fontspec_strongdef_int=\count435
\l__fontspec_tmpa_dim=\dimen293
\l__fontspec_tmpb_dim=\dimen294
\l__fontspec_tmpc_dim=\dimen295

("C:/Users/bogdy/AppData/Local/Programs/MiKTeX 2.9/tex/latex/base/fontenc.sty"
Package: fontenc 2020/01/25 v2.0m Standard LaTeX package
)
("C:/Users/bogdy/AppData/Local/Programs/MiKTeX 2.9/tex/latex/fontspec/fontspec.
cfg")))
luaotfload | cache : Lookup cache loaded from C:/Users/bogdy/AppData/Local/MiKTe
X/2.9/luatex-cache/generic-dev/names/luaotfload-lookup-cache.luc.

Package fontspec Info: Could not resolve font "UTSans/BI" (it probably doesn't
(fontspec)             exist).


Package fontspec Info: Could not resolve font "UTSans/I" (it probably doesn't
(fontspec)             exist).

luaotfload | aux : font no 31 (nil) does not define feature smcp for script latn
 with language dflt
luaotfload | aux : font no 32 (nil) does not define feature smcp for script latn
 with language dflt

Package fontspec Info: Font family 'UTSans(0)' created for font 'UT Sans' with
(fontspec)             options [Ligatures=TeX].
(fontspec)              
(fontspec)              This font family consists of the following NFSS
(fontspec)             series/shapes:
(fontspec)              
(fontspec)             - 'normal' (m/n) with NFSS spec.:
(fontspec)             <->"UTSans:mode=node;script=latn;language=dflt;+tlig;"
(fontspec)             - 'small caps'  (m/sc) with NFSS spec.: 
(fontspec)             - 'bold' (b/n) with NFSS spec.:
(fontspec)             <->"UTSans/B:mode=node;script=latn;language=dflt;+tlig;"
(fontspec)             - 'bold small caps'  (b/sc) with NFSS spec.: 


("C:/Users/bogdy/AppData/Local/Programs/MiKTeX 2.9/tex/latex/setspace/setspace.
sty"
Package: setspace 2011/12/19 v6.7a set line spacing
)
\@quotelevel=\count436
\@quotereset=\count437
 (./disertatie.aux (./cover/cover.aux) (./cover/innercover.aux))
\openout1 = disertatie.aux

LaTeX Font Info:    Checking defaults for OML/cmm/m/it on input line 71.
LaTeX Font Info:    ... okay on input line 71.
LaTeX Font Info:    Checking defaults for OMS/cmsy/m/n on input line 71.
LaTeX Font Info:    ... okay on input line 71.
LaTeX Font Info:    Checking defaults for OT1/cmr/m/n on input line 71.
LaTeX Font Info:    ... okay on input line 71.
LaTeX Font Info:    Checking defaults for T1/cmr/m/n on input line 71.
LaTeX Font Info:    ... okay on input line 71.
LaTeX Font Info:    Checking defaults for TS1/cmr/m/n on input line 71.
LaTeX Font Info:    Trying to load font information for TS1+cmr on input line 71
.

("C:/Users/bogdy/AppData/Local/Programs/MiKTeX 2.9/tex/latex/base/ts1cmr.fd"
File: ts1cmr.fd 2019/12/16 v2.5j Standard LaTeX font definitions
)
LaTeX Font Info:    ... okay on input line 71.
LaTeX Font Info:    Checking defaults for TU/lmr/m/n on input line 71.
LaTeX Font Info:    ... okay on input line 71.
LaTeX Font Info:    Checking defaults for OMX/cmex/m/n on input line 71.
LaTeX Font Info:    ... okay on input line 71.
LaTeX Font Info:    Checking defaults for U/cmr/m/n on input line 71.
LaTeX Font Info:    ... okay on input line 71.
LaTeX Font Info:    Checking defaults for PD1/pdf/m/n on input line 71.
LaTeX Font Info:    ... okay on input line 71.
LaTeX Font Info:    Checking defaults for PU/pdf/m/n on input line 71.
LaTeX Font Info:    ... okay on input line 71.
\AtBeginShipoutBox=\box63
Package hyperref Info: Link coloring OFF on input line 71.

("C:/Users/bogdy/AppData/Local/Programs/MiKTeX 2.9/tex/latex/hyperref/nameref.s
ty"
Package: nameref 2019/09/16 v2.46 Cross-referencing by name of section

("C:/Users/bogdy/AppData/Local/Programs/MiKTeX 2.9/tex/latex/refcount/refcount.
sty"
Package: refcount 2019/12/15 v3.6 Data extraction from label references (HO)
)
("C:/Users/bogdy/AppData/Local/Programs/MiKTeX 2.9/tex/generic/gettitlestring/g
ettitlestring.sty"
Package: gettitlestring 2019/12/15 v1.6 Cleanup title references (HO)
)
\c@section@level=\count438
)
LaTeX Info: Redefining \ref on input line 71.
LaTeX Info: Redefining \pageref on input line 71.
LaTeX Info: Redefining \nameref on input line 71.
 (./disertatie.out) (./disertatie.out)
\@outlinefile=\write5

\openout5 = disertatie.out
Package biblatex Info: Trying to load language 'english'...
Package biblatex Info: ... file 'english.lbx' found.

("C:/Users/bogdy/AppData/Local/Programs/MiKTeX 2.9/tex/latex/biblatex/lbx/engli
sh.lbx"
File: english.lbx 2019/12/01 v3.14 biblatex localization (PK/MW)
)
Package biblatex Info: LuaTeX detected.
(biblatex)             Assuming input encoding 'utf8'.
Package biblatex Info: Automatic encoding selection.
(biblatex)             Assuming data encoding 'utf8'.
Package biblatex Info: Input encoding 'utf8' specified.
Package biblatex Info: Data encoding 'utf8' specified.
(biblatex)             No need to reencode data.

\openout3 = disertatie-blx.bib
Package biblatex Info: Trying to load bibliographic data...
Package biblatex Info: ... file 'disertatie.bbl' found.
 (./disertatie.bbl)
Package biblatex Info: Reference section=0 on input line 71.
Package biblatex Info: Reference segment=0 on input line 71.

("C:/Users/bogdy/AppData/Local/Programs/MiKTeX 2.9/tex/context/base/mkii/supp-p
df.mkii"
[Loading MPS to PDF converter (version 2006.09.02).]
\scratchcounter=\count439
\scratchdimen=\dimen296
\scratchbox=\box64
\nofMPsegments=\count440
\nofMParguments=\count441
\everyMPshowfont=\toks38
\MPscratchCnt=\count442
\MPscratchDim=\dimen297
\MPnumerator=\count443
\makeMPintoPDFobject=\count444
\everyMPtoPDFconversion=\toks39
)
("C:/Users/bogdy/AppData/Local/Programs/MiKTeX 2.9/tex/latex/epstopdf-pkg/epsto
pdf-base.sty"
Package: epstopdf-base 2020-01-24 v2.11 Base part for package epstopdf
Package epstopdf-base Info: Redefining graphics rule for `.eps' on input line 48
5.
)
Package caption Info: Begin \AtBeginDocument code.
Package caption Info: float package is loaded.
Package caption Info: listings package is loaded.
Package caption Info: End \AtBeginDocument code.
 ABD: EveryShipout initializing macros
*geometry* driver: auto-detecting
*geometry* detected driver: luatex
*geometry* verbose mode - [ preamble ] result:
* driver: luatex
* paper: a4paper
* layout: <same size as paper>
* layoutoffset:(h,v)=(0.0pt,0.0pt)
* modes: 
* h-part:(L,W,R)=(99.58464pt, 398.3386pt, 99.58464pt)
* v-part:(T,H,B)=(99.58464pt, 645.87756pt, 99.58464pt)
* \paperwidth=597.50787pt
* \paperheight=845.04684pt
* \textwidth=398.3386pt
* \textheight=645.87756pt
* \oddsidemargin=27.31465pt
* \evensidemargin=27.31465pt
* \topmargin=-9.68535pt
* \headheight=12.0pt
* \headsep=25.0pt
* \topskip=12.0pt
* \footskip=30.0pt
* \marginparwidth=35.0pt
* \marginparsep=10.0pt
* \columnsep=10.0pt
* \skip\footins=10.8pt plus 4.0pt minus 2.0pt
* \hoffset=0.0pt
* \voffset=0.0pt
* \mag=1000
* \@twocolumnfalse
* \@twosidefalse
* \@mparswitchfalse
* \@reversemarginfalse
* (1in=72.27pt=25.4mm, 1cm=28.453pt)

\c@lstlisting=\count445

Package fontspec Info: Adjusting the maths setup (use [no-math] to avoid
(fontspec)             this).

\symlegacymaths=\mathgroup4
LaTeX Font Info:    Overwriting symbol font `legacymaths' in version `bold'
(Font)                  OT1/cmr/m/n --> OT1/cmr/bx/n on input line 71.
LaTeX Font Info:    Redeclaring math accent \acute on input line 71.
LaTeX Font Info:    Redeclaring math accent \grave on input line 71.
LaTeX Font Info:    Redeclaring math accent \ddot on input line 71.
LaTeX Font Info:    Redeclaring math accent \tilde on input line 71.
LaTeX Font Info:    Redeclaring math accent \bar on input line 71.
LaTeX Font Info:    Redeclaring math accent \breve on input line 71.
LaTeX Font Info:    Redeclaring math accent \check on input line 71.
LaTeX Font Info:    Redeclaring math accent \hat on input line 71.
LaTeX Font Info:    Redeclaring math accent \dot on input line 71.
LaTeX Font Info:    Redeclaring math accent \mathring on input line 71.
LaTeX Font Info:    Redeclaring math symbol \Gamma on input line 71.
LaTeX Font Info:    Redeclaring math symbol \Delta on input line 71.
LaTeX Font Info:    Redeclaring math symbol \Theta on input line 71.
LaTeX Font Info:    Redeclaring math symbol \Lambda on input line 71.
LaTeX Font Info:    Redeclaring math symbol \Xi on input line 71.
LaTeX Font Info:    Redeclaring math symbol \Pi on input line 71.
LaTeX Font Info:    Redeclaring math symbol \Sigma on input line 71.
LaTeX Font Info:    Redeclaring math symbol \Upsilon on input line 71.
LaTeX Font Info:    Redeclaring math symbol \Phi on input line 71.
LaTeX Font Info:    Redeclaring math symbol \Psi on input line 71.
LaTeX Font Info:    Redeclaring math symbol \Omega on input line 71.
LaTeX Font Info:    Redeclaring math symbol \mathdollar on input line 71.
LaTeX Font Info:    Redeclaring symbol font `operators' on input line 71.
LaTeX Font Info:    Encoding `OT1' has changed to `TU' for symbol font
(Font)              `operators' in the math version `normal' on input line 71.
LaTeX Font Info:    Overwriting symbol font `operators' in version `normal'
(Font)                  OT1/cmr/m/n --> TU/UTSans(0)/m/n on input line 71.
LaTeX Font Info:    Encoding `OT1' has changed to `TU' for symbol font
(Font)              `operators' in the math version `bold' on input line 71.
LaTeX Font Info:    Overwriting symbol font `operators' in version `bold'
(Font)                  OT1/cmr/bx/n --> TU/UTSans(0)/m/n on input line 71.
LaTeX Font Info:    Overwriting symbol font `operators' in version `normal'
(Font)                  TU/UTSans(0)/m/n --> TU/UTSans(0)/m/n on input line 71.
LaTeX Font Info:    Overwriting math alphabet `\mathit' in version `normal'
(Font)                  OT1/cmr/m/it --> TU/UTSans(0)/m/it on input line 71.
LaTeX Font Info:    Overwriting math alphabet `\mathbf' in version `normal'
(Font)                  OT1/cmr/bx/n --> TU/UTSans(0)/b/n on input line 71.
LaTeX Font Info:    Overwriting math alphabet `\mathsf' in version `normal'
(Font)                  OT1/cmss/m/n --> TU/lmss/m/n on input line 71.
LaTeX Font Info:    Overwriting math alphabet `\mathtt' in version `normal'
(Font)                  OT1/cmtt/m/n --> TU/lmtt/m/n on input line 71.
LaTeX Font Info:    Overwriting symbol font `operators' in version `bold'
(Font)                  TU/UTSans(0)/m/n --> TU/UTSans(0)/b/n on input line 71.
LaTeX Font Info:    Overwriting math alphabet `\mathit' in version `bold'
(Font)                  OT1/cmr/bx/it --> TU/UTSans(0)/b/it on input line 71.
LaTeX Font Info:    Overwriting math alphabet `\mathsf' in version `bold'
(Font)                  OT1/cmss/bx/n --> TU/lmss/b/n on input line 71.
LaTeX Font Info:    Overwriting math alphabet `\mathtt' in version `bold'
(Font)                  OT1/cmtt/m/n --> TU/lmtt/b/n on input line 71.

\openout2 = ./cover/cover.aux
(./cover/cover.tex
<./images/Logo-UT-MI-SPOT-RO.pdf, id=126, 198.0198pt x 83.8332pt>
File: ./images/Logo-UT-MI-SPOT-RO.pdf Graphic file (type pdf)
<use ./images/Logo-UT-MI-SPOT-RO.pdf>
Package luatex.def Info: ./images/Logo-UT-MI-SPOT-RO.pdf  used on input line 5.
(luatex.def)             Requested size: 318.67209pt x 134.92508pt.
 [1


{C:/Users/bogdy/AppData/Local/MiKTeX/2.9/pdftex/config/pdftex.map}<./images/Logo
-UT-MI-SPOT-RO.pdf>])
\openout2 = ./cover/innercover.aux
 (./cover/innercover.tex
File: ./images/Logo-UT-MI-SPOT-RO.pdf Graphic file (type pdf)
<use ./images/Logo-UT-MI-SPOT-RO.pdf>
Package luatex.def Info: ./images/Logo-UT-MI-SPOT-RO.pdf  used on input line 5.
(luatex.def)             Requested size: 318.67209pt x 134.92508pt.

warning  (pdf backend): ignoring duplicate destination with the name 'page.1'
[1


]) (./disertatie.toc)
\tf@toc=\write6

\openout6 = disertatie.toc

warning  (pdf backend): ignoring duplicate destination with the name 'page.1'
[1


]
warning  (pdf backend): ignoring duplicate destination with the name 'page.1'
[1] [2

]

LaTeX Warning: Citation 'audio_emotion_recognition0' on page 3 undefined on inpu
t line 109.

[3

]
<images/ocean.png, id=193, 510.40688pt x 495.35063pt>
File: images/ocean.png Graphic file (type png)
<use images/ocean.png>
Package luatex.def Info: images/ocean.png  used on input line 117.
(luatex.def)             Requested size: 255.2028pt x 247.67471pt.
 [4<./images/ocean.png>]
Overfull \hbox (2.71338pt too wide) in paragraph at lines 142--143
[]\TU/UTSans(0)/m/n/12 Tipurile de iden-ti-fi-care a emoți-ilor uti-lizate și
 de-scrise mai sus sunt doar câteva
 []

[5]
Overfull \hbox (9.55595pt too wide) in paragraph at lines 153--154
\TU/UTSans(0)/m/n/12 gen-eral de per-soanele care trec prin pro-ce-sul de in-te
r-vievare. Dar asta nu înseamnă
 []

[6] [7]
<images/AI_ML_DL.png, id=225, 524.71031pt x 262.73157pt>
File: images/AI_ML_DL.png Graphic file (type png)
<use images/AI_ML_DL.png>
Package luatex.def Info: images/AI_ML_DL.png  used on input line 169.
(luatex.def)             Requested size: 367.29471pt x 183.91083pt.

Overfull \hbox (10.8973pt too wide) in paragraph at lines 178--179
\TU/UTSans(0)/m/n/12 cât aceste date sunt mai rel-e-vante pen-tru prob-lema ca
re încearcă să se soluționeze,
 []

[8

<./images/AI_ML_DL.png>]
Overfull \hbox (13.25198pt too wide) in paragraph at lines 183--184
\TU/UTSans(0)/m/n/12 tim-pul pro-gram-a-toru-lui. Per-mit ast-fel al-go-rit-mil
or să ex-ploreze și să găsească
 []

[9]
<images/ML_DL.png, id=241, 475.02469pt x 252.945pt>
File: images/ML_DL.png Graphic file (type png)
<use images/ML_DL.png>
Package luatex.def Info: images/ML_DL.png  used on input line 197.
(luatex.def)             Requested size: 332.515pt x 177.06029pt.
 [10

<./images/ML_DL.png>]
Overfull \hbox (1.85735pt too wide) in paragraph at lines 220--221
[]\TU/UTSans(0)/b/n/12 Strat(uri) de pool-ing\TU/UTSans(0)/m/n/12 : au rolul de
 a re-duce sub-stanțial di-men-si-unea spațială,
 []

[11

]
<images/cnn.png, id=257, 1419.05156pt x 581.92406pt>
File: images/cnn.png Graphic file (type png)
<use images/cnn.png>
Package luatex.def Info: images/cnn.png  used on input line 230.
(luatex.def)             Requested size: 411.51442pt x 168.75365pt.

Overfull \hbox (13.17583pt too wide) in paragraph at lines 230--231
 [] 
 []

[12<./images/cnn.png>]
<images/fwd_recc.png, id=264, 526.21594pt x 242.40562pt>
File: images/fwd_recc.png Graphic file (type png)
<use images/fwd_recc.png>
Package luatex.def Info: images/fwd_recc.png  used on input line 255.
(luatex.def)             Requested size: 247.32152pt x 113.93065pt.
 [13

] [14<./images/fwd_recc.png>]
Overfull \hbox (0.7493pt too wide) in paragraph at lines 278--279
[]\TU/UTSans(0)/m/n/12 Aceste stra-turi oferă su-port rețelelor re-curente s
ă-și ”am-intească” input-urile
 []

[15]
Overfull \hbox (5.24527pt too wide) in paragraph at lines 284--285
\TU/UTSans(0)/m/n/12 cel-er-area pro-cesării grafice, pot îm-bunătăți per-
for-manțele cal-culelor re-al-izate într-
 []


Overfull \hbox (2.96532pt too wide) in paragraph at lines 306--307
[]\TU/UTSans(0)/m/n/12 Di-men-si-unea se-tu-lui de date: pro-ce-soarele grafice
 legate în par-alel scalează
 []

[16

] [17]
Overfull \hbox (0.74933pt too wide) in paragraph at lines 315--316
[]\TU/UTSans(0)/m/n/12 Aceste tehnici com-plexe de proce-sare au fost uti-lizat
e în apli-cație pen-tru iden-
 []

[18

]
Overfull \hbox (11.10527pt too wide) in paragraph at lines 330--331
\TU/UTSans(0)/m/n/12 atic care ne ajută la tre-cerea unui sem-nal din dome-niu
l tim-pu-lui în cel al frecvențelor.
 []

<images/signals.png, id=300, 529.22719pt x 124.96687pt>
File: images/signals.png Graphic file (type png)
<use images/signals.png>
Package luatex.def Info: images/signals.png  used on input line 336.
(luatex.def)             Requested size: 398.3386pt x 94.06052pt.
<images/FT_time_to_freq.png, id=302, 526.21594pt x 296.60812pt>
File: images/FT_time_to_freq.png Graphic file (type png)
<use images/FT_time_to_freq.png>
Package luatex.def Info: images/FT_time_to_freq.png  used on input line 347.
(luatex.def)             Requested size: 368.34865pt x 207.62427pt.
[19

<./images/signals.png><./images/FT_time_to_freq.png>]
<images/windowing.PNG, id=313, 673.01437pt x 296.60812pt>
File: images/windowing.PNG Graphic file (type png)
<use images/windowing.PNG>
Package luatex.def Info: images/windowing.PNG  used on input line 369.
(luatex.def)             Requested size: 398.3386pt x 175.55396pt.

Overfull \hbox (5.66124pt too wide) in paragraph at lines 376--377
[]\TU/UTSans(0)/m/n/12 După cum se poate ob-serva în Figura []8[], se aplic
ă suc-ce-siv trans-for-mata Fourier
 []

[20<./images/windowing.PNG>]
<images/spectogram.PNG, id=329, 746.79pt x 371.88937pt>
File: images/spectogram.PNG Graphic file (type png)
<use images/spectogram.PNG>
Package luatex.def Info: images/spectogram.PNG  used on input line 380.
(luatex.def)             Requested size: 398.3386pt x 198.36584pt.
 [21<./images/spectogram.PNG>] [22

]
Overfull \hbox (10.92937pt too wide) in paragraph at lines 403--404
\TU/UTSans(0)/m/n/12 lansarea ofi-cială se în-tâm-plă în 1991, fi-ind uti-
lizat in-tern în cadrul com-paniei Google.
 []

[23

]
<images/qt_designer.png, id=356, 1151.05031pt x 769.37437pt>
File: images/qt_designer.png Graphic file (type png)
<use images/qt_designer.png>
Package luatex.def Info: images/qt_designer.png  used on input line 418.
(luatex.def)             Requested size: 345.31775pt x 230.81409pt.

Overfull \hbox (16.97742pt too wide) in paragraph at lines 424--425
[]\TU/UTSans(0)/m/n/12 Printre prin-ci-palele el-e-mente uti-lizate pre-pon-der
-ent în apli-cație, le vom menționa
 []


Overfull \hbox (2.16533pt too wide) in paragraph at lines 429--430
[]\TU/UTSans(0)/m/n/12 Tip or-i-zon-tal: con-strânge ca widget-urile copil s
ă fie așezate, în funcție
 []


Overfull \hbox (14.00925pt too wide) in paragraph at lines 434--435
\TU/UTSans(0)/m/n/12 cației (re-cunoașterea emoți-ilor, sus-pendarea aces-tu
i pro-ces sau oprirea); 
 []

[24<./images/qt_designer.png>]
Overfull \hbox (8.29338pt too wide) in paragraph at lines 451--452
\TU/UTSans(0)/m/n/12 datelor im-por-tante reținute din in-ter-viu, a fost nevo
ie de îm-părțirea datelor aseme-
 []

[25]
Overfull \hbox (12.16531pt too wide) in paragraph at lines 461--462
[]\TU/UTSans(0)/m/n/12 PyAu-dio: ne oferă su-port pen-tru as-cultarea, în-reg
-is-trarea și sal-varea fișierelor
 []


Overfull \hbox (9.3293pt too wide) in paragraph at lines 463--464
\TU/UTSans(0)/m/n/12 cu scopul vizual-izării datelor grafice în Python și ex
-ten-sia sa nu-mer-ică numpy.
 []


Overfull \hbox (27.42929pt too wide) in paragraph at lines 463--464
\TU/UTSans(0)/m/n/12 grafice pre-cum: an-velopa acus-tică a unui fișier au-di
o, spec-togramele secvențelor
 []


Overfull \hbox (8.0933pt too wide) in paragraph at lines 465--466
\TU/UTSans(0)/m/n/12 Acesta oferă su-port pen-tru uti-lizarea camerei web, pre
-cum și diferite metode
 []


Overfull \hbox (0.80531pt too wide) in paragraph at lines 465--466
\TU/UTSans(0)/m/n/12 folosite în com-puter vi-sion: cal-cu-larea de his-togram
e, trans-for-marea imag-
 []

[26]
Overfull \hbox (2.44528pt too wide) in paragraph at lines 473--474
\TU/UTSans(0)/m/n/12 lemelor de proiectare în așa fel încât ace-leași răs
pun-suri să fie re-folosite de fiecare
 []


Overfull \hbox (16.88535pt too wide) in paragraph at lines 480--481
[]\TU/UTSans(0)/m/n/12 Start re-cunoaștere: uti-liza-torul în-cepe pro-ce-sul
 de predicție a emoți-ilor vizuale,
 []

<images/state_diagram_001.jpg, id=371, 430.51161pt x 788.75322pt>
File: images/state_diagram_001.jpg Graphic file (type jpg)
<use images/state_diagram_001.jpg>
Package luatex.def Info: images/state_diagram_001.jpg  used on input line 491.
(luatex.def)             Requested size: 352.52254pt x 645.86714pt.
[27]
Overfull \vbox (12.98958pt too high) has occurred while \output is active []


[28<./images/state_diagram_001.jpg>]
<images/state_diagram_002.jpg, id=384, 430.51161pt x 787.97614pt>
File: images/state_diagram_002.jpg Graphic file (type jpg)
<use images/state_diagram_002.jpg>
Package luatex.def Info: images/state_diagram_002.jpg  used on input line 499.
(luatex.def)             Requested size: 352.89041pt x 645.90414pt.

Overfull \vbox (37.52657pt too high) has occurred while \output is active []


[29<./images/state_diagram_002.jpg>]
("C:/Users/bogdy/AppData/Local/Programs/MiKTeX 2.9/tex/latex/listings/lstlang1.
sty"
File: lstlang1.sty 2019/09/10 1.8c listings language file
)
Package hyperref Info: bookmark level for unknown lstlisting defaults to 0 on in
put line 506.

Overfull \hbox (2.48802pt too wide) in paragraph at lines 516--517
\TU/UTSans(0)/m/n/12 sal-vate, putem înțelege dacă s-a pro-dus vreo mal-func
ție în tim-pul rulării. Șablonul
 []

[30]
Overfull \hbox (10.26001pt too wide) in paragraph at lines 532--533
[]\TU/UTSans(0)/m/n/12 Când pornim apli-cația, sun-tem în-tâmp-inați de fe
r-eas-tra de in-tro-duc-ere. Aceasta
 []


Overfull \hbox (9.06532pt too wide) in paragraph at lines 534--535
[]\TU/UTSans(0)/m/n/12 Apli-cația oferă uti-liza-toru-lui prile-jul de a î
și in-tro-duce nu-mele pre-cum și alegerea
 []


Overfull \hbox (3.8653pt too wide) in paragraph at lines 538--539
[]\TU/UTSans(0)/m/n/12 În cadrul re-cunoaș-terii emoți-ilor în timp real, a
u-tomatul de stare ne con-strânge
 []


Overfull \hbox (4.49998pt too wide) in paragraph at lines 538--539
\TU/UTSans(0)/m/n/12 cate în mo-men-tul în care se de-cide schim-barea nu-mel
ui din setări. Dacă se dorește
 []


Overfull \hbox (10.84535pt too wide) in paragraph at lines 541--542
[]\TU/UTSans(0)/m/n/12 Pen-tru în-ceput, vom vorbi de-spre fiecare din-tre fun
cțion-al-itățile aso-ci-ate primu-
 []

[31

]
Overfull \hbox (0.892pt too wide) in paragraph at lines 545--546
\TU/UTSans(0)/m/n/12 uni (Figura []11[]). Prima secți-unea este reprezen-tat
ă de eticheta ”Video”, unde fluxul
 []

<images/emotion_recognition_clean.png, id=408, 1010.27437pt x 631.60968pt>
File: images/emotion_recognition_clean.png Graphic file (type png)
<use images/emotion_recognition_clean.png>
Package luatex.def Info: images/emotion_recognition_clean.png  used on input lin
e 549.
(luatex.def)             Requested size: 404.10258pt x 252.63939pt.

Overfull \hbox (5.76399pt too wide) in paragraph at lines 549--550
 [] 
 []

[32

<./images/emotion_recognition_clean.png>]
Overfull \hbox (3.78937pt too wide) in paragraph at lines 566--567
\TU/UTSans(0)/m/n/12 dintr-un iden-ti-fi-ca-tor nu-meric con-struit din 7 păr
ți (03-01-06-01-02-01-12.wav),
 []

<images/audio_plot.png, id=418, 667.74469pt x 236.38312pt>
File: images/audio_plot.png Graphic file (type png)
<use images/audio_plot.png>
Package luatex.def Info: images/audio_plot.png  used on input line 584.
(luatex.def)             Requested size: 400.6499pt x 141.83096pt.

Overfull \hbox (2.31131pt too wide) in paragraph at lines 584--585
 [] 
 []

[33] [34<./images/audio_plot.png>]
<images/audio_model_001.jpg, id=435, 990.70125pt x 1314.9125pt>
File: images/audio_model_001.jpg Graphic file (type jpg)
<use images/audio_model_001.jpg>
Package luatex.def Info: images/audio_model_001.jpg  used on input line 608.
(luatex.def)             Requested size: 398.32938pt x 528.68439pt.
<images/audio_model_002.jpg, id=436, 990.70125pt x 1313.90875pt>
File: images/audio_model_002.jpg Graphic file (type jpg)
<use images/audio_model_002.jpg>
Package luatex.def Info: images/audio_model_002.jpg  used on input line 616.
(luatex.def)             Requested size: 398.32938pt x 528.2808pt.
 [35<./images/audio_model_001.jpg>] [36<./images/audio_model_002.jpg>]
<images/accuracy_audio_model.png, id=449, 1456.44125pt x 618.31pt>
File: images/accuracy_audio_model.png Graphic file (type png)
<use images/accuracy_audio_model.png>
Package luatex.def Info: images/accuracy_audio_model.png  used on input line 628
.
(luatex.def)             Requested size: 291.28308pt x 123.6598pt.
<images/audio_confusion_matrix.png, id=452, 255.95625pt x 196.48407pt>
File: images/audio_confusion_matrix.png Graphic file (type png)
<use images/audio_confusion_matrix.png>
Package luatex.def Info: images/audio_confusion_matrix.png  used on input line 6
40.
(luatex.def)             Requested size: 102.38068pt x 78.59222pt.
 [37<./images/accuracy_audio_model.png><./images/audio_confusion_matrix.png>]
<images/face_detected.png, id=461, 316.18124pt x 326.72063pt>
File: images/face_detected.png Graphic file (type png)
<use images/face_detected.png>
Package luatex.def Info: images/face_detected.png  used on input line 660.
(luatex.def)             Requested size: 199.1693pt x 205.81015pt.
<images/face_features.png, id=462, 226.59656pt x 277.035pt>
File: images/face_features.png Graphic file (type png)
<use images/face_features.png>
Package luatex.def Info: images/face_features.png  used on input line 666.
(luatex.def)             Requested size: 169.2951pt x 206.97679pt.

Overfull \hbox (2.39735pt too wide) in paragraph at lines 674--675
[]\TU/UTSans(0)/m/n/12 Prin in-ter-mediul pa-chetu-lui OpenCv, putem trasa mai 
de-parte diferite forme
 []

[38

<./images/face_detected.png><./images/face_features.png>]
<images/video_dataset_example.png, id=473, 212.29312pt x 206.27063pt>
File: images/video_dataset_example.png Graphic file (type png)
<use images/video_dataset_example.png>
Package luatex.def Info: images/video_dataset_example.png  used on input line 71
0.
(luatex.def)             Requested size: 148.60417pt x 144.38844pt.
 [39]
Overfull \hbox (2.22127pt too wide) in paragraph at lines 716--717
\TU/UTSans(0)/m/n/12 datele erau deja în tonuri gri, ul-timul pas care tre-bui
a apli-cat era cel de nor-malizare
 []


Overfull \hbox (1.9534pt too wide) in paragraph at lines 718--719
[]\TU/UTSans(0)/m/n/12 Arhi-tec-tură uti-lizată pen-tru mod-elul de în-vă
țare video este in-spi-rată din model
 []

<images/video_model_layers_visualisation.png, id=481, 703.12688pt x 245.41687pt>

File: images/video_model_layers_visualisation.png Graphic file (type png)
<use images/video_model_layers_visualisation.png>
Package luatex.def Info: images/video_model_layers_visualisation.png  used on in
put line 727.
(luatex.def)             Requested size: 318.67209pt x 111.2267pt.
<images/video_confusion_matrix.png, id=482, 264.23718pt x 195.73125pt>
File: images/video_confusion_matrix.png Graphic file (type png)
<use images/video_confusion_matrix.png>
Package luatex.def Info: images/video_confusion_matrix.png  used on input line 7
32.
(luatex.def)             Requested size: 159.333pt x 118.02502pt.

Overfull \hbox (24.06123pt too wide) in paragraph at lines 738--739
[]\TU/UTSans(0)/m/n/12 În Figura []17a[] se poate ob-serva că, în urma unei 
pro-cesări care a per-mis vizualizarea
 []

[40<./images/video_dataset_example.png>]
Overfull \hbox (15.12529pt too wide) in paragraph at lines 757--758
\TU/UTSans(0)/m/n/12 in-ter-viu feed-back con-stat can-di-dat-u-lui refer-i-tor
 la emoți-ile pe care acesta le afișează.
 []

[41<./images/video_model_layers_visualisation.png><./images/video_confusion_matr
ix.png>] [42

]
Overfull \hbox (2.93341pt too wide) in paragraph at lines 790--791
\TU/UTSans(0)/m/n/12 stra-turi de tipul: em-bed-ding, conv1d, max-pool-ing1d, b
atch-Nor-mal-iza-tion și LSTM. 
 []

[43]
<images/emotion_recognition.png, id=524, 1005.7575pt x 684.30656pt>
File: images/emotion_recognition.png Graphic file (type png)
<use images/emotion_recognition.png>
Package luatex.def Info: images/emotion_recognition.png  used on input line 804.

(luatex.def)             Requested size: 352.0204pt x 239.51088pt.
 [44

<./images/emotion_recognition.png>]
Overfull \hbox (9.60532pt too wide) in paragraph at lines 817--818
[]\TU/UTSans(0)/m/n/12 Pen-tru ca pro-ce-sul de iden-ti-fi-care a emoți-ilor s
ă fie în timp real, fiecare funcțion-
 []


Overfull \hbox (10.98932pt too wide) in paragraph at lines 825--827
[]\TU/UTSans(0)/m/n/12 Mon-goDb având lim-itarea pen-tru mărimea colecți-ilo
r (8 MB), datele care reprez-
 []

[45]
Overfull \hbox (3.80127pt too wide) in paragraph at lines 829--830
\TU/UTSans(0)/m/n/12 Așa cum a fost ex-pli-cat în secți-unea an-te-rioară, 
rapoartele in-ter-vi-urilor vor fi aduse
 []

<images/reports.png, id=538, 1229.34282pt x 341.77687pt>
File: images/reports.png Graphic file (type png)
<use images/reports.png>
Package luatex.def Info: images/reports.png  used on input line 835.
(luatex.def)             Requested size: 398.33116pt x 110.7424pt.
[46

<./images/reports.png>]
<images/emotion_report_visualize.png, id=548, 1003.49907pt x 720.44156pt>
File: images/emotion_report_visualize.png Graphic file (type png)
<use images/emotion_report_visualize.png>
Package luatex.def Info: images/emotion_report_visualize.png  used on input line
 860.
(luatex.def)             Requested size: 351.22993pt x 252.15831pt.

Overfull \hbox (11.60132pt too wide) in paragraph at lines 868--869
[]\TU/UTSans(0)/m/n/12 Pe lângă imag-inea ex-trasă ca fi-ind cea mai sug-es-
tivă, este prezen-tată o etichetă,
 []

[47

<./images/emotion_report_visualize.png>]
<images/settings.png, id=556, 579.66562pt x 149.8097pt>
File: images/settings.png Graphic file (type png)
<use images/settings.png>
Package luatex.def Info: images/settings.png  used on input line 878.
(luatex.def)             Requested size: 376.77818pt x 97.37514pt.
<images/light_theme.png, id=558, 1001.99344pt x 313.17pt>
File: images/light_theme.png Graphic file (type png)
<use images/light_theme.png>
Package luatex.def Info: images/light_theme.png  used on input line 888.
(luatex.def)             Requested size: 300.60034pt x 93.95172pt.

Overfull \hbox (5.11603pt too wide) in paragraph at lines 894--895
[]\TU/UTSans(0)/m/n/12 Apli-cația oferă disponi-bil-i-tatea schim-bărilor de
 as-pect. Sunt oferite două teme:
 []


Overfull \hbox (43.58134pt too wide) in paragraph at lines 896--897
\TU/UTSans(0)/m/n/12 fișieru-lui, uti-liza-torul va fi in-tero-gat de tema pe 
care dorește să o folosească([d]ark/[l]ight).
 []

[48

<./images/settings.png><./images/light_theme.png>]
Overfull \hbox (0.14539pt too wide) in paragraph at lines 902--903
[]\TU/UTSans(0)/m/n/12 Prin apli-cația ”Mul-ti-modal Emo-tion De-tec-tion
” s-a re-al-izat on in-ter-față grafică
 []


Overfull \hbox (2.83604pt too wide) in paragraph at lines 908--909
\TU/UTSans(0)/m/n/12 minării in-ter-vi-urilor. Fi-ind un mod in-ter-ac-tiv de 
vizualizare, se poate anal-iza fiecare
 []


Overfull \hbox (1.23332pt too wide) in paragraph at lines 911--912
[]\TU/UTSans(0)/m/n/12 con-sol-i-darea per-for-manței și a acu-rateței oferi
te de către mod-elele de iden-
 []

[49

]

LaTeX Font Warning: Font shape `TU/UTSans(0)/m/it' undefined
(Font)              using `TU/UTSans(0)/m/n' instead on input line 917.


Overfull \hbox (15.49304pt too wide) in paragraph at lines 918--918
[]\TU/UTSans(0)/m/n/12 K. Vi-maladeví C. Vi-nola. A Sur-vey on Hu-man Emo-tion
 Recog-ni-tion Ap-proaches,
 []


Overfull \hbox (3.964pt too wide) in paragraph at lines 918--918
\TU/UTSans(0)/m/it/12 vo-lu-tions. []$\TU/lmtt/m/n/12 https : / / arxiv . org /
 abs / 1610 . 02357/$[]\TU/UTSans(0)/m/it/12 . Ac-cessed: 24.05.2022
 []


Overfull \hbox (10.47446pt too wide) in paragraph at lines 918--918
\TU/UTSans(0)/m/it/12 fa-cial and vo-cal ex-pres-sions in North Amer-i-can En-g
lish. []$\TU/lmtt/m/n/12 https : / / journals .
 []


Overfull \hbox (42.95828pt too wide) in paragraph at lines 918--918
[]\TU/UTSans(0)/m/it/12 Ana-conda Dis-tri-bu-tion. []$\TU/lmtt/m/n/12 https : /
 / www . anaconda . com / products / distribution/$[]\TU/UTSans(0)/m/it/12 .
 []


Overfull \hbox (2.35469pt too wide) in paragraph at lines 918--918
\TU/lmtt/m/n/12 biosensor / fea - facial - expression - analysis/$[]\TU/UTSans(
0)/m/it/12 . Ac-cessed: 17.05.2022
 []

[50


]
Overfull \hbox (10.37827pt too wide) in paragraph at lines 918--918
[]\TU/UTSans(0)/m/it/12 Trans-for-mata Fourier. []$\TU/lmtt/m/n/12 https : / / 
ro . wikipedia . org / wiki / Transformata _
 []

[51] (./disertatie.lol)
\tf@lol=\write7

\openout7 = disertatie.lol
 [52


]
<images/plagiat.PNG, id=625, 556.32843pt x 153.57375pt>
File: images/plagiat.PNG Graphic file (type png)
<use images/plagiat.PNG>
Package luatex.def Info: images/plagiat.PNG  used on input line 923.
(luatex.def)             Requested size: 445.06335pt x 122.85915pt.

Overfull \hbox (46.72476pt too wide) in paragraph at lines 923--924
 [] 
 []

[53

<./images/plagiat.PNG>]
Package atveryend Info: Empty hook `BeforeClearDocument' on input line 928.
Package atveryend Info: Empty hook `AfterLastShipout' on input line 928.
 (./disertatie.aux (./cover/cover.aux)
(./cover/innercover.aux))
Package atveryend Info: Executing hook `AtVeryEndDocument' on input line 928.
Package atveryend Info: Executing hook `AtEndAfterFileList' on input line 928.
Package rerunfilecheck Info: File `disertatie.out' has not changed.
(rerunfilecheck)             Checksum: 3653713D957C16B4ACB364D723AF87FF;5570.


LaTeX Font Warning: Some font shapes were not available, defaults substituted.


LaTeX Warning: There were undefined references.


Package biblatex Warning: Please (re)run BibTeX on the file(s):
(biblatex)                disertatie
(biblatex)                and rerun LaTeX afterwards.

Package logreq Info: Writing requests to 'disertatie.run.xml'.

\openout1 = disertatie.run.xml
Package atveryend Info: Empty hook `AtVeryVeryEnd' on input line 928.
)

Here is how much of LuaTeX's memory you used:
 32827 strings out of 481391
 125200,1373583 words of node,token memory allocated
 632 words of node memory still in use:
   6 hlist, 2 vlist, 2 rule, 2 glue, 4 kern, 1 glyph, 15 attribute, 69 glue_spec
, 15 attribute_list, 2 write, 4 pdf_action nodes
   avail lists: 1:4,2:1676,3:212,4:1222,5:1288,6:72,7:4135,8:87,9:3264,10:29,11:
300
 48577 multiletter control sequences out of 65536+200000
 67 fonts using 6313563 bytes
 72i,8n,80p,1059b,1183s stack positions out of 5000i,500n,10000p,200000b,50000s
<c:/users/bogdy/appdata/local/programs/miktex 2.9/fonts/opentype/public/lm/lmmon
o12-regular.otf><c:/users/bogdy/appdata/local/programs/miktex 2.9/fonts/opentype
/public/lm/lmmono10-regular.otf><C:/Users/bogdy/AppData/Local/Microsoft/Windows/
Fonts/utsans-regular.otf><C:/Users/bogdy/AppData/Local/Microsoft/Windows/Fonts/u
tsans-bold.otf><C:/Users/bogdy/AppData/Local/Programs/MiKTeX 2.9/fonts/type1/pub
lic/amsfonts/cm/cmex10.pfb><C:/Users/bogdy/AppData/Local/Programs/MiKTeX 2.9/fon
ts/type1/public/amsfonts/cm/cmmi12.pfb><C:/Users/bogdy/AppData/Local/Programs/Mi
KTeX 2.9/fonts/type1/public/amsfonts/cm/cmmi8.pfb><C:/Users/bogdy/AppData/Local/
Programs/MiKTeX 2.9/fonts/type1/public/amsfonts/cm/cmr12.pfb><C:/Users/bogdy/App
Data/Local/Programs/MiKTeX 2.9/fonts/type1/public/amsfonts/cm/cmr8.pfb><C:/Users
/bogdy/AppData/Local/Programs/MiKTeX 2.9/fonts/type1/public/amsfonts/cm/cmsy10.p
fb><C:/Users/bogdy/AppData/Local/Programs/MiKTeX 2.9/fonts/type1/public/amsfonts
/cm/cmsy8.pfb>
Output written on disertatie.pdf (56 pages, 4647989 bytes).

PDF statistics: 687 PDF objects out of 1000 (max. 8388607)
 150 named destinations out of 1000 (max. 131072)
 256 words of extra memory for PDF output out of 10000 (max. 100000000)

