\BOOKMARK [1][-]{section.0.1}{\376\377\000A\000b\000s\000t\000r\000a\000c\000t}{}% 1
\BOOKMARK [1][-]{section.0.2}{\376\377\000I\000n\000t\000r\000o\000d\000u\000c\000e\000r\000e}{}% 2
\BOOKMARK [1][-]{section.0.3}{\376\377\000R\000e\000c\000u\000n\000o\000a\002\031\000t\000e\000r\000e\000a\000\040\000e\000m\000o\002\033\000i\000i\000l\000o\000r}{}% 3
\BOOKMARK [2][-]{subsection.0.3.1}{\376\377\000S\000o\000l\000u\002\033\000i\000i\000\040\000e\000x\000i\000s\000t\000e\000n\000t\000e\000\040\000\356\000n\000\040\000p\000r\000e\000d\000i\000c\002\033\000i\000a\000\040\000e\000m\000o\002\033\000i\000i\000l\000o\000r\000\040\000u\000m\000a\000n\000e}{section.0.3}% 4
\BOOKMARK [1][-]{section.0.4}{\376\377\000N\000o\002\033\000i\000u\000n\000i\000\040\000t\000e\000o\000r\000e\000t\000i\000c\000e}{}% 5
\BOOKMARK [2][-]{subsection.0.4.1}{\376\377\000I\000n\000t\000e\000l\000i\000g\000e\000n\002\033\000a\000\040\000a\000r\000t\000i\000f\000i\000c\000i\000a\000l\001\003}{section.0.4}% 6
\BOOKMARK [3][-]{subsubsection.0.4.1.1}{\376\377\000R\000e\002\033\000e\000l\000e\000\040\000n\000e\000u\000r\000a\000l\000e\000\040\000c\000o\000n\000v\000o\000l\000u\002\033\000i\000o\000n\000a\000l\000e}{subsection.0.4.1}% 7
\BOOKMARK [3][-]{subsubsection.0.4.1.2}{\376\377\000R\000e\002\033\000e\000l\000e\000\040\000n\000e\000u\000r\000a\000l\000e\000\040\000r\000e\000c\000u\000r\000e\000n\000t\000e}{subsection.0.4.1}% 8
\BOOKMARK [3][-]{subsubsection.0.4.1.3}{\376\377\000A\000n\000t\000r\000e\000n\000a\000r\000e\000\040\000u\000t\000i\000l\000i\000z\000\342\000n\000d\000\040\000p\000r\000o\000c\000e\000s\000o\000r\000u\000l\000\040\000g\000r\000a\000f\000i\000c}{subsection.0.4.1}% 9
\BOOKMARK [2][-]{subsection.0.4.2}{\376\377\000P\000r\000o\000c\000e\000s\000a\000r\000e\000\040\000d\000i\000g\000i\000t\000a\000l\001\003\000\040\000d\000e\000\040\000s\000e\000m\000n\000a\000l}{section.0.4}% 10
\BOOKMARK [3][-]{subsubsection.0.4.2.1}{\376\377\000T\000r\000a\000n\000s\000f\000o\000r\000m\000a\000t\000a\000\040\000F\000o\000u\000r\000i\000e\000r}{subsection.0.4.2}% 11
\BOOKMARK [3][-]{subsubsection.0.4.2.2}{\376\377\000T\000r\000a\000n\000s\000f\000o\000r\000m\000a\000t\000a\000\040\000F\000o\000u\000r\000i\000e\000r\000\040\000p\000e\000\040\000t\000e\000r\000m\000e\000n\000\040\000s\000c\000u\000r\000t}{subsection.0.4.2}% 12
\BOOKMARK [2][-]{subsection.0.4.3}{\376\377\000T\000e\000h\000n\000o\000l\000o\000g\000i\000i\000\040\000u\000t\000i\000l\000i\000z\000a\000t\000e}{section.0.4}% 13
\BOOKMARK [3][-]{subsubsection.0.4.3.1}{\376\377\000P\000y\000t\000h\000o\000n}{subsection.0.4.3}% 14
\BOOKMARK [3][-]{subsubsection.0.4.3.2}{\376\377\000Q\000t}{subsection.0.4.3}% 15
\BOOKMARK [3][-]{subsubsection.0.4.3.3}{\376\377\000M\000o\000n\000g\000o\000D\000b}{subsection.0.4.3}% 16
\BOOKMARK [3][-]{subsubsection.0.4.3.4}{\376\377\000B\000i\000b\000l\000i\000o\000t\000e\000c\000i\000\040\000u\000t\000i\000l\000i\000z\000a\000t\000e}{subsection.0.4.3}% 17
\BOOKMARK [3][-]{subsubsection.0.4.3.5}{\376\377\002\030\000a\000b\000l\000o\000a\000n\000e\000\040\000d\000e\000\040\000p\000r\000o\000i\000e\000c\000t\000a\000r\000e}{subsection.0.4.3}% 18
\BOOKMARK [1][-]{section.0.5}{\376\377\000A\000p\000l\000i\000c\000a\002\033\000i\000a\000\040\000M\000u\000l\000t\000i\000m\000o\000d\000a\000l\000\040\000E\000m\000o\000t\000i\000o\000n\000\040\000D\000e\000t\000e\000c\000t\000i\000o\000n}{}% 19
\BOOKMARK [2][-]{subsection.0.5.1}{\376\377\000I\000n\000t\000r\000o\000d\000u\000c\000e\000r\000e}{section.0.5}% 20
\BOOKMARK [2][-]{subsection.0.5.2}{\376\377\000I\000d\000e\000n\000t\000i\000f\000i\000c\000a\000r\000e\000\040\000e\000m\000o\002\033\000i\000i\000l\000o\000r\000\040\000\356\000n\000\040\000t\000i\000m\000p\000\040\000r\000e\000a\000l}{section.0.5}% 21
\BOOKMARK [3][-]{subsubsection.0.5.2.1}{\376\377\000R\000e\000c\000u\000n\000o\000a\002\031\000t\000e\000r\000e\000a\000\040\000e\000m\000o\002\033\000i\000i\000l\000o\000r\000\040\000a\000u\000d\000i\000o}{subsection.0.5.2}% 22
\BOOKMARK [3][-]{subsubsection.0.5.2.2}{\376\377\000R\000e\000c\000u\000n\000o\000a\002\031\000t\000e\000r\000e\000a\000\040\000e\000m\000o\002\033\000i\000i\000l\000o\000r\000\040\000v\000i\000d\000e\000o}{subsection.0.5.2}% 23
\BOOKMARK [3][-]{subsubsection.0.5.2.3}{\376\377\000R\000e\000c\000u\000n\000o\000a\002\031\000t\000e\000r\000e\000a\000\040\000e\000m\000o\002\033\000i\000i\000l\000o\000r\000\040\000d\000i\000n\000\040\000t\000e\000x\000t}{subsection.0.5.2}% 24
\BOOKMARK [2][-]{subsection.0.5.3}{\376\377\000S\000e\000t\001\003\000r\000i}{section.0.5}% 25
\BOOKMARK [2][-]{subsection.0.5.4}{\376\377\000U\000t\000i\000l\000i\000z\000a\000r\000e\000\040\000m\000o\000d\000u\000l\000\040\000i\000d\000e\000n\000t\000i\000f\000i\000c\000a\000r\000e\000\040\000e\000m\000o\000t\000i\000i}{section.0.5}% 26
\BOOKMARK [3][-]{subsubsection.0.5.4.1}{\376\377\000G\000e\000n\000e\000r\000a\000r\000e\000r\000a\000\040\000r\000a\000p\000o\000r\000t\000u\000l\000u\000i}{subsection.0.5.4}% 27
\BOOKMARK [2][-]{subsection.0.5.5}{\376\377\000V\000i\000z\000u\000l\000i\000z\000a\000r\000e\000a\000\040\000t\000u\000t\000u\000r\000o\000r\000\040\000r\000a\000p\000o\000a\000r\000t\000e\000l\000o\000r}{section.0.5}% 28
\BOOKMARK [2][-]{subsection.0.5.6}{\376\377\000V\000i\000z\000u\000a\000l\000i\000z\000a\000r\000e\000\040\000r\000a\000p\000o\000r\000t\000\040\000i\000n\000d\000i\000v\000i\000d\000u\000a\000l}{section.0.5}% 29
\BOOKMARK [1][-]{section.0.6}{\376\377\000C\000o\000n\000c\000l\000u\000z\000i\000i}{}% 30
